4572 [main] INFO  org.apache.activemq.broker.BrokerService [] - Using Persistence Adapter: KahaDBPersistenceAdapter[I:\WDSR\anik\exercise4\activemq-data\localhost\KahaDB]
4864 [JMX connector] INFO  org.apache.activemq.broker.jmx.ManagementContext [] - JMX consoles can connect to service:jmx:rmi:///jndi/rmi://localhost:1099/jmxrmi
9333 [main] INFO  org.apache.activemq.store.kahadb.MessageDatabase [] - KahaDB is version 6
9382 [main] INFO  org.apache.activemq.store.kahadb.MessageDatabase [] - Recovering from the journal @1:575671
9382 [main] INFO  org.apache.activemq.store.kahadb.MessageDatabase [] - Recovery replayed 1 operations from the journal in 0.03 seconds.
9398 [main] INFO  org.apache.activemq.store.kahadb.plist.PListStoreImpl [] - PListStore:[I:\WDSR\anik\exercise4\activemq-data\localhost\tmp_storage] started
9595 [main] INFO  org.apache.activemq.broker.BrokerService [] - Apache ActiveMQ 5.13.2 (localhost, ID:BEN-PLL-ST2-HP-64571-1463730977679-0:1) is starting
9797 [main] INFO  org.apache.activemq.transport.TransportServerThreadSupport [] - Listening for connections at: tcp://127.0.0.1:62616?deleteAllMessagesOnStartup=true
9798 [main] INFO  org.apache.activemq.broker.TransportConnector [] - Connector tcp://localhost:62616?deleteAllMessagesOnStartup=true started
9800 [main] INFO  org.apache.activemq.broker.BrokerService [] - Apache ActiveMQ 5.13.2 (localhost, ID:BEN-PLL-ST2-HP-64571-1463730977679-0:1) started
9800 [main] INFO  org.apache.activemq.broker.BrokerService [] - For help or more information please see: http://activemq.apache.org
9819 [main] WARN  org.apache.activemq.broker.BrokerService [] - Store limit is 102400 mb (current store usage is 0 mb). The data directory: I:\WDSR\anik\exercise4\activemq-data\localhost\KahaDB only has 8422 mb of usable space. - resetting to maximum available disk space: 8422 mb
9835 [main] WARN  org.apache.activemq.broker.BrokerService [] - Temporary Store limit is 51200 mb (current store usage is 0 mb). The data directory: I:\WDSR\anik\exercise4\activemq-data\localhost only has 8422 mb of usable space. - resetting to maximum available disk space: 8422 mb
10033 [main] INFO  wdsr.exercise4.receiver.ReceiveTest [] - Setting JMS receive timeout to 100ms
10395 [main] INFO  wdsr.exercise4.receiver.ReceiveTest [] - alertText=
Timestamp=1463730978642
Stock=GOOG
Volume=500000
10409 [main] INFO  org.apache.activemq.broker.TransportConnector [] - Connector vm://localhost started
10491 [main] INFO  org.apache.activemq.broker.TransportConnector [] - Connector vm://localhost stopped
10495 [main] INFO  org.apache.activemq.broker.BrokerService [] - Apache ActiveMQ 5.13.2 (localhost, ID:BEN-PLL-ST2-HP-64571-1463730977679-0:1) is shutting down
10499 [main] INFO  org.apache.activemq.broker.TransportConnector [] - Connector tcp://localhost:62616?deleteAllMessagesOnStartup=true stopped
10504 [main] INFO  org.apache.activemq.store.kahadb.plist.PListStoreImpl [] - PListStore:[I:\WDSR\anik\exercise4\activemq-data\localhost\tmp_storage] stopped
10504 [main] INFO  org.apache.activemq.store.kahadb.KahaDBStore [] - Stopping async queue tasks
10504 [main] INFO  org.apache.activemq.store.kahadb.KahaDBStore [] - Stopping async topic tasks
10504 [main] INFO  org.apache.activemq.store.kahadb.KahaDBStore [] - Stopped KahaDB
11158 [main] INFO  org.apache.activemq.broker.BrokerService [] - Apache ActiveMQ 5.13.2 (localhost, ID:BEN-PLL-ST2-HP-64571-1463730977679-0:1) uptime 7.071 seconds
11159 [main] INFO  org.apache.activemq.broker.BrokerService [] - Apache ActiveMQ 5.13.2 (localhost, ID:BEN-PLL-ST2-HP-64571-1463730977679-0:1) is shutdown
11555 [main] INFO  org.apache.activemq.broker.BrokerService [] - Using Persistence Adapter: KahaDBPersistenceAdapter[I:\WDSR\anik\exercise4\activemq-data\localhost\KahaDB]
11561 [JMX connector] INFO  org.apache.activemq.broker.jmx.ManagementContext [] - JMX consoles can connect to service:jmx:rmi:///jndi/rmi://localhost:1099/jmxrmi
11860 [main] INFO  org.apache.activemq.store.kahadb.MessageDatabase [] - KahaDB is version 6
11869 [main] INFO  org.apache.activemq.store.kahadb.MessageDatabase [] - Recovering from the journal @1:585722
11869 [main] INFO  org.apache.activemq.store.kahadb.MessageDatabase [] - Recovery replayed 1 operations from the journal in 0.007 seconds.
11876 [main] INFO  org.apache.activemq.store.kahadb.plist.PListStoreImpl [] - PListStore:[I:\WDSR\anik\exercise4\activemq-data\localhost\tmp_storage] started
11886 [main] INFO  org.apache.activemq.broker.BrokerService [] - Apache ActiveMQ 5.13.2 (localhost, ID:BEN-PLL-ST2-HP-64571-1463730977679-0:2) is starting
11917 [main] INFO  org.apache.activemq.transport.TransportServerThreadSupport [] - Listening for connections at: tcp://127.0.0.1:62616?deleteAllMessagesOnStartup=true
11917 [main] INFO  org.apache.activemq.broker.TransportConnector [] - Connector tcp://localhost:62616?deleteAllMessagesOnStartup=true started
11918 [main] INFO  org.apache.activemq.broker.BrokerService [] - Apache ActiveMQ 5.13.2 (localhost, ID:BEN-PLL-ST2-HP-64571-1463730977679-0:2) started
11918 [main] INFO  org.apache.activemq.broker.BrokerService [] - For help or more information please see: http://activemq.apache.org
11944 [main] WARN  org.apache.activemq.broker.BrokerService [] - Store limit is 102400 mb (current store usage is 0 mb). The data directory: I:\WDSR\anik\exercise4\activemq-data\localhost\KahaDB only has 8422 mb of usable space. - resetting to maximum available disk space: 8422 mb
11974 [main] WARN  org.apache.activemq.broker.BrokerService [] - Temporary Store limit is 51200 mb (current store usage is 0 mb). The data directory: I:\WDSR\anik\exercise4\activemq-data\localhost only has 8422 mb of usable space. - resetting to maximum available disk space: 8422 mb
12030 [main] INFO  wdsr.exercise4.receiver.ReceiveTest [] - Setting JMS receive timeout to 100ms
12451 [main] INFO  org.apache.activemq.broker.TransportConnector [] - Connector vm://localhost started
12527 [main] INFO  org.apache.activemq.broker.TransportConnector [] - Connector vm://localhost stopped
12540 [main] INFO  org.apache.activemq.broker.BrokerService [] - Apache ActiveMQ 5.13.2 (localhost, ID:BEN-PLL-ST2-HP-64571-1463730977679-0:2) is shutting down
12541 [main] INFO  org.apache.activemq.broker.TransportConnector [] - Connector tcp://localhost:62616?deleteAllMessagesOnStartup=true stopped
12542 [main] INFO  org.apache.activemq.store.kahadb.plist.PListStoreImpl [] - PListStore:[I:\WDSR\anik\exercise4\activemq-data\localhost\tmp_storage] stopped
12542 [main] INFO  org.apache.activemq.store.kahadb.KahaDBStore [] - Stopping async queue tasks
12542 [main] INFO  org.apache.activemq.store.kahadb.KahaDBStore [] - Stopping async topic tasks
12543 [main] INFO  org.apache.activemq.store.kahadb.KahaDBStore [] - Stopped KahaDB
12869 [main] INFO  org.apache.activemq.broker.BrokerService [] - Apache ActiveMQ 5.13.2 (localhost, ID:BEN-PLL-ST2-HP-64571-1463730977679-0:2) uptime 1.328 seconds
12870 [main] INFO  org.apache.activemq.broker.BrokerService [] - Apache ActiveMQ 5.13.2 (localhost, ID:BEN-PLL-ST2-HP-64571-1463730977679-0:2) is shutdown
13212 [main] INFO  org.apache.activemq.broker.BrokerService [] - Using Persistence Adapter: KahaDBPersistenceAdapter[I:\WDSR\anik\exercise4\activemq-data\localhost\KahaDB]
13222 [JMX connector] INFO  org.apache.activemq.broker.jmx.ManagementContext [] - JMX consoles can connect to service:jmx:rmi:///jndi/rmi://localhost:1099/jmxrmi
13515 [main] INFO  org.apache.activemq.store.kahadb.MessageDatabase [] - KahaDB is version 6
13520 [main] INFO  org.apache.activemq.store.kahadb.MessageDatabase [] - Recovering from the journal @1:596150
13521 [main] INFO  org.apache.activemq.store.kahadb.MessageDatabase [] - Recovery replayed 1 operations from the journal in 0.005 seconds.
13522 [main] INFO  org.apache.activemq.store.kahadb.plist.PListStoreImpl [] - PListStore:[I:\WDSR\anik\exercise4\activemq-data\localhost\tmp_storage] started
13522 [main] INFO  org.apache.activemq.broker.BrokerService [] - Apache ActiveMQ 5.13.2 (localhost, ID:BEN-PLL-ST2-HP-64571-1463730977679-0:3) is starting
13544 [main] INFO  org.apache.activemq.transport.TransportServerThreadSupport [] - Listening for connections at: tcp://127.0.0.1:62616?deleteAllMessagesOnStartup=true
13544 [main] INFO  org.apache.activemq.broker.TransportConnector [] - Connector tcp://localhost:62616?deleteAllMessagesOnStartup=true started
13545 [main] INFO  org.apache.activemq.broker.BrokerService [] - Apache ActiveMQ 5.13.2 (localhost, ID:BEN-PLL-ST2-HP-64571-1463730977679-0:3) started
13545 [main] INFO  org.apache.activemq.broker.BrokerService [] - For help or more information please see: http://activemq.apache.org
13568 [main] WARN  org.apache.activemq.broker.BrokerService [] - Store limit is 102400 mb (current store usage is 0 mb). The data directory: I:\WDSR\anik\exercise4\activemq-data\localhost\KahaDB only has 8422 mb of usable space. - resetting to maximum available disk space: 8422 mb
13585 [main] WARN  org.apache.activemq.broker.BrokerService [] - Temporary Store limit is 51200 mb (current store usage is 0 mb). The data directory: I:\WDSR\anik\exercise4\activemq-data\localhost only has 8422 mb of usable space. - resetting to maximum available disk space: 8422 mb
13615 [main] INFO  wdsr.exercise4.receiver.ReceiveTest [] - Setting JMS receive timeout to 100ms
13739 [main] INFO  org.apache.activemq.broker.TransportConnector [] - Connector vm://localhost started
13769 [main] INFO  org.apache.activemq.broker.TransportConnector [] - Connector vm://localhost stopped
13771 [main] INFO  org.apache.activemq.broker.BrokerService [] - Apache ActiveMQ 5.13.2 (localhost, ID:BEN-PLL-ST2-HP-64571-1463730977679-0:3) is shutting down
13771 [main] INFO  org.apache.activemq.broker.TransportConnector [] - Connector tcp://localhost:62616?deleteAllMessagesOnStartup=true stopped
13772 [main] INFO  org.apache.activemq.store.kahadb.plist.PListStoreImpl [] - PListStore:[I:\WDSR\anik\exercise4\activemq-data\localhost\tmp_storage] stopped
13772 [main] INFO  org.apache.activemq.store.kahadb.KahaDBStore [] - Stopping async queue tasks
13772 [main] INFO  org.apache.activemq.store.kahadb.KahaDBStore [] - Stopping async topic tasks
13772 [main] INFO  org.apache.activemq.store.kahadb.KahaDBStore [] - Stopped KahaDB
14021 [main] INFO  org.apache.activemq.broker.BrokerService [] - Apache ActiveMQ 5.13.2 (localhost, ID:BEN-PLL-ST2-HP-64571-1463730977679-0:3) uptime 0.821 seconds
14021 [main] INFO  org.apache.activemq.broker.BrokerService [] - Apache ActiveMQ 5.13.2 (localhost, ID:BEN-PLL-ST2-HP-64571-1463730977679-0:3) is shutdown
14180 [main] INFO  org.apache.activemq.broker.BrokerService [] - Using Persistence Adapter: KahaDBPersistenceAdapter[I:\WDSR\anik\exercise4\activemq-data\localhost\KahaDB]
14182 [JMX connector] INFO  org.apache.activemq.broker.jmx.ManagementContext [] - JMX consoles can connect to service:jmx:rmi:///jndi/rmi://localhost:1099/jmxrmi
14498 [main] INFO  org.apache.activemq.store.kahadb.MessageDatabase [] - KahaDB is version 6
14512 [main] INFO  org.apache.activemq.store.kahadb.MessageDatabase [] - Recovering from the journal @1:606284
14512 [main] INFO  org.apache.activemq.store.kahadb.MessageDatabase [] - Recovery replayed 1 operations from the journal in 0.013 seconds.
14514 [main] INFO  org.apache.activemq.store.kahadb.plist.PListStoreImpl [] - PListStore:[I:\WDSR\anik\exercise4\activemq-data\localhost\tmp_storage] started
14514 [main] INFO  org.apache.activemq.broker.BrokerService [] - Apache ActiveMQ 5.13.2 (localhost, ID:BEN-PLL-ST2-HP-64571-1463730977679-0:4) is starting
14539 [main] INFO  org.apache.activemq.transport.TransportServerThreadSupport [] - Listening for connections at: tcp://127.0.0.1:62616?deleteAllMessagesOnStartup=true
14539 [main] INFO  org.apache.activemq.broker.TransportConnector [] - Connector tcp://localhost:62616?deleteAllMessagesOnStartup=true started
14539 [main] INFO  org.apache.activemq.broker.BrokerService [] - Apache ActiveMQ 5.13.2 (localhost, ID:BEN-PLL-ST2-HP-64571-1463730977679-0:4) started
14540 [main] INFO  org.apache.activemq.broker.BrokerService [] - For help or more information please see: http://activemq.apache.org
14561 [main] WARN  org.apache.activemq.broker.BrokerService [] - Store limit is 102400 mb (current store usage is 0 mb). The data directory: I:\WDSR\anik\exercise4\activemq-data\localhost\KahaDB only has 8422 mb of usable space. - resetting to maximum available disk space: 8422 mb
14577 [main] WARN  org.apache.activemq.broker.BrokerService [] - Temporary Store limit is 51200 mb (current store usage is 0 mb). The data directory: I:\WDSR\anik\exercise4\activemq-data\localhost only has 8422 mb of usable space. - resetting to maximum available disk space: 8422 mb
14610 [main] INFO  wdsr.exercise4.receiver.ReceiveTest [] - Setting JMS receive timeout to 100ms
14799 [main] INFO  wdsr.exercise4.receiver.ReceiveTest [] - alertText1=
Timestamp=1463730983048
Stock=GOOG
Volume=500000
14799 [main] INFO  wdsr.exercise4.receiver.ReceiveTest [] - alertText2=
Timestamp=1463730983048
Stock=MSFT
Volume=500000
14800 [main] INFO  org.apache.activemq.broker.TransportConnector [] - Connector vm://localhost started
14846 [main] INFO  org.apache.activemq.broker.TransportConnector [] - Connector vm://localhost stopped
14848 [main] INFO  org.apache.activemq.broker.BrokerService [] - Apache ActiveMQ 5.13.2 (localhost, ID:BEN-PLL-ST2-HP-64571-1463730977679-0:4) is shutting down
14848 [main] INFO  org.apache.activemq.broker.TransportConnector [] - Connector tcp://localhost:62616?deleteAllMessagesOnStartup=true stopped
14849 [ActiveMQ Transport Server Thread Handler: tcp://localhost:62616?deleteAllMessagesOnStartup=true] INFO  org.apache.activemq.transport.tcp.TcpTransportServer [] - socketQueue interrupted - stopping
14849 [ActiveMQ Transport Server Thread Handler: tcp://localhost:62616?deleteAllMessagesOnStartup=true] ERROR org.apache.activemq.broker.TransportConnector [] - Could not accept connection : java.lang.InterruptedException
14854 [main] INFO  org.apache.activemq.store.kahadb.plist.PListStoreImpl [] - PListStore:[I:\WDSR\anik\exercise4\activemq-data\localhost\tmp_storage] stopped
14855 [main] INFO  org.apache.activemq.store.kahadb.KahaDBStore [] - Stopping async queue tasks
14855 [main] INFO  org.apache.activemq.store.kahadb.KahaDBStore [] - Stopping async topic tasks
14855 [main] INFO  org.apache.activemq.store.kahadb.KahaDBStore [] - Stopped KahaDB
15026 [main] INFO  org.apache.activemq.broker.BrokerService [] - Apache ActiveMQ 5.13.2 (localhost, ID:BEN-PLL-ST2-HP-64571-1463730977679-0:4) uptime 0.862 seconds
15026 [main] INFO  org.apache.activemq.broker.BrokerService [] - Apache ActiveMQ 5.13.2 (localhost, ID:BEN-PLL-ST2-HP-64571-1463730977679-0:4) is shutdown
15166 [main] INFO  org.apache.activemq.broker.BrokerService [] - Using Persistence Adapter: KahaDBPersistenceAdapter[I:\WDSR\anik\exercise4\activemq-data\localhost\KahaDB]
15172 [JMX connector] INFO  org.apache.activemq.broker.jmx.ManagementContext [] - JMX consoles can connect to service:jmx:rmi:///jndi/rmi://localhost:1099/jmxrmi
15476 [main] INFO  org.apache.activemq.store.kahadb.MessageDatabase [] - KahaDB is version 6
15481 [main] INFO  org.apache.activemq.store.kahadb.MessageDatabase [] - Recovering from the journal @1:617109
15481 [main] INFO  org.apache.activemq.store.kahadb.MessageDatabase [] - Recovery replayed 1 operations from the journal in 0.003 seconds.
15482 [main] INFO  org.apache.activemq.store.kahadb.plist.PListStoreImpl [] - PListStore:[I:\WDSR\anik\exercise4\activemq-data\localhost\tmp_storage] started
15483 [main] INFO  org.apache.activemq.broker.BrokerService [] - Apache ActiveMQ 5.13.2 (localhost, ID:BEN-PLL-ST2-HP-64571-1463730977679-0:5) is starting
15502 [main] INFO  org.apache.activemq.transport.TransportServerThreadSupport [] - Listening for connections at: tcp://127.0.0.1:62616?deleteAllMessagesOnStartup=true
15503 [main] INFO  org.apache.activemq.broker.TransportConnector [] - Connector tcp://localhost:62616?deleteAllMessagesOnStartup=true started
15503 [main] INFO  org.apache.activemq.broker.BrokerService [] - Apache ActiveMQ 5.13.2 (localhost, ID:BEN-PLL-ST2-HP-64571-1463730977679-0:5) started
15503 [main] INFO  org.apache.activemq.broker.BrokerService [] - For help or more information please see: http://activemq.apache.org
15529 [main] WARN  org.apache.activemq.broker.BrokerService [] - Store limit is 102400 mb (current store usage is 0 mb). The data directory: I:\WDSR\anik\exercise4\activemq-data\localhost\KahaDB only has 8422 mb of usable space. - resetting to maximum available disk space: 8422 mb
15547 [main] WARN  org.apache.activemq.broker.BrokerService [] - Temporary Store limit is 51200 mb (current store usage is 0 mb). The data directory: I:\WDSR\anik\exercise4\activemq-data\localhost only has 8421 mb of usable space. - resetting to maximum available disk space: 8421 mb
15581 [main] INFO  wdsr.exercise4.receiver.ReceiveTest [] - Setting JMS receive timeout to 100ms
15800 [main] INFO  wdsr.exercise4.receiver.ReceiveTest [] - AlertText=
Timestamp=1463730984049
Stock=GOOG
Price= 10
15801 [main] INFO  org.apache.activemq.broker.TransportConnector [] - Connector vm://localhost started
15886 [main] INFO  org.apache.activemq.broker.TransportConnector [] - Connector vm://localhost stopped
15889 [main] INFO  org.apache.activemq.broker.BrokerService [] - Apache ActiveMQ 5.13.2 (localhost, ID:BEN-PLL-ST2-HP-64571-1463730977679-0:5) is shutting down
15889 [main] INFO  org.apache.activemq.broker.TransportConnector [] - Connector tcp://localhost:62616?deleteAllMessagesOnStartup=true stopped
15890 [main] INFO  org.apache.activemq.store.kahadb.plist.PListStoreImpl [] - PListStore:[I:\WDSR\anik\exercise4\activemq-data\localhost\tmp_storage] stopped
15890 [main] INFO  org.apache.activemq.store.kahadb.KahaDBStore [] - Stopping async queue tasks
15890 [main] INFO  org.apache.activemq.store.kahadb.KahaDBStore [] - Stopping async topic tasks
15890 [main] INFO  org.apache.activemq.store.kahadb.KahaDBStore [] - Stopped KahaDB
16189 [main] INFO  org.apache.activemq.broker.BrokerService [] - Apache ActiveMQ 5.13.2 (localhost, ID:BEN-PLL-ST2-HP-64571-1463730977679-0:5) uptime 1.031 seconds
16189 [main] INFO  org.apache.activemq.broker.BrokerService [] - Apache ActiveMQ 5.13.2 (localhost, ID:BEN-PLL-ST2-HP-64571-1463730977679-0:5) is shutdown
3473 [main] INFO  org.apache.activemq.broker.BrokerService [] - Using Persistence Adapter: KahaDBPersistenceAdapter[I:\WDSR\anik\exercise4\activemq-data\localhost\KahaDB]
3626 [JMX connector] INFO  org.apache.activemq.broker.jmx.ManagementContext [] - JMX consoles can connect to service:jmx:rmi:///jndi/rmi://localhost:1099/jmxrmi
3930 [main] INFO  org.apache.activemq.store.kahadb.MessageDatabase [] - KahaDB is version 6
3978 [main] INFO  org.apache.activemq.store.kahadb.MessageDatabase [] - Recovering from the journal @1:627162
3978 [main] INFO  org.apache.activemq.store.kahadb.MessageDatabase [] - Recovery replayed 1 operations from the journal in 0.028 seconds.
3994 [main] INFO  org.apache.activemq.store.kahadb.plist.PListStoreImpl [] - PListStore:[I:\WDSR\anik\exercise4\activemq-data\localhost\tmp_storage] started
4182 [main] INFO  org.apache.activemq.broker.BrokerService [] - Apache ActiveMQ 5.13.2 (localhost, ID:BEN-PLL-ST2-HP-64654-1463731269676-0:1) is starting
4352 [main] INFO  org.apache.activemq.transport.TransportServerThreadSupport [] - Listening for connections at: tcp://127.0.0.1:62616?deleteAllMessagesOnStartup=true
4353 [main] INFO  org.apache.activemq.broker.TransportConnector [] - Connector tcp://localhost:62616?deleteAllMessagesOnStartup=true started
4354 [main] INFO  org.apache.activemq.broker.BrokerService [] - Apache ActiveMQ 5.13.2 (localhost, ID:BEN-PLL-ST2-HP-64654-1463731269676-0:1) started
4354 [main] INFO  org.apache.activemq.broker.BrokerService [] - For help or more information please see: http://activemq.apache.org
4373 [main] WARN  org.apache.activemq.broker.BrokerService [] - Store limit is 102400 mb (current store usage is 0 mb). The data directory: I:\WDSR\anik\exercise4\activemq-data\localhost\KahaDB only has 8422 mb of usable space. - resetting to maximum available disk space: 8422 mb
4389 [main] WARN  org.apache.activemq.broker.BrokerService [] - Temporary Store limit is 51200 mb (current store usage is 0 mb). The data directory: I:\WDSR\anik\exercise4\activemq-data\localhost only has 8422 mb of usable space. - resetting to maximum available disk space: 8422 mb
4910 [main] INFO  org.apache.activemq.broker.TransportConnector [] - Connector vm://localhost started
4950 [main] INFO  org.apache.activemq.broker.TransportConnector [] - Connector vm://localhost stopped
5896 [main] INFO  org.apache.activemq.broker.BrokerService [] - Apache ActiveMQ 5.13.2 (localhost, ID:BEN-PLL-ST2-HP-64654-1463731269676-0:1) is shutting down
5909 [main] INFO  org.apache.activemq.broker.TransportConnector [] - Connector tcp://localhost:62616?deleteAllMessagesOnStartup=true stopped
5914 [main] INFO  org.apache.activemq.store.kahadb.plist.PListStoreImpl [] - PListStore:[I:\WDSR\anik\exercise4\activemq-data\localhost\tmp_storage] stopped
5914 [main] INFO  org.apache.activemq.store.kahadb.KahaDBStore [] - Stopping async queue tasks
5916 [main] INFO  org.apache.activemq.store.kahadb.KahaDBStore [] - Stopping async topic tasks
5916 [main] INFO  org.apache.activemq.store.kahadb.KahaDBStore [] - Stopped KahaDB
6100 [main] INFO  org.apache.activemq.broker.BrokerService [] - Apache ActiveMQ 5.13.2 (localhost, ID:BEN-PLL-ST2-HP-64654-1463731269676-0:1) uptime 3.059 seconds
6101 [main] INFO  org.apache.activemq.broker.BrokerService [] - Apache ActiveMQ 5.13.2 (localhost, ID:BEN-PLL-ST2-HP-64654-1463731269676-0:1) is shutdown
6505 [main] INFO  org.apache.activemq.broker.BrokerService [] - Using Persistence Adapter: KahaDBPersistenceAdapter[I:\WDSR\anik\exercise4\activemq-data\localhost\KahaDB]
6512 [JMX connector] INFO  org.apache.activemq.broker.jmx.ManagementContext [] - JMX consoles can connect to service:jmx:rmi:///jndi/rmi://localhost:1099/jmxrmi
6871 [main] INFO  org.apache.activemq.store.kahadb.MessageDatabase [] - KahaDB is version 6
6878 [main] INFO  org.apache.activemq.store.kahadb.MessageDatabase [] - Recovering from the journal @1:636452
6878 [main] INFO  org.apache.activemq.store.kahadb.MessageDatabase [] - Recovery replayed 1 operations from the journal in 0.005 seconds.
6880 [main] INFO  org.apache.activemq.store.kahadb.plist.PListStoreImpl [] - PListStore:[I:\WDSR\anik\exercise4\activemq-data\localhost\tmp_storage] started
6881 [main] INFO  org.apache.activemq.broker.BrokerService [] - Apache ActiveMQ 5.13.2 (localhost, ID:BEN-PLL-ST2-HP-64654-1463731269676-0:2) is starting
6908 [main] INFO  org.apache.activemq.transport.TransportServerThreadSupport [] - Listening for connections at: tcp://127.0.0.1:62616?deleteAllMessagesOnStartup=true
6909 [main] INFO  org.apache.activemq.broker.TransportConnector [] - Connector tcp://localhost:62616?deleteAllMessagesOnStartup=true started
6909 [main] INFO  org.apache.activemq.broker.BrokerService [] - Apache ActiveMQ 5.13.2 (localhost, ID:BEN-PLL-ST2-HP-64654-1463731269676-0:2) started
6909 [main] INFO  org.apache.activemq.broker.BrokerService [] - For help or more information please see: http://activemq.apache.org
6929 [main] WARN  org.apache.activemq.broker.BrokerService [] - Store limit is 102400 mb (current store usage is 0 mb). The data directory: I:\WDSR\anik\exercise4\activemq-data\localhost\KahaDB only has 8422 mb of usable space. - resetting to maximum available disk space: 8422 mb
6950 [main] WARN  org.apache.activemq.broker.BrokerService [] - Temporary Store limit is 51200 mb (current store usage is 0 mb). The data directory: I:\WDSR\anik\exercise4\activemq-data\localhost only has 8422 mb of usable space. - resetting to maximum available disk space: 8422 mb
7080 [main] INFO  org.apache.activemq.broker.TransportConnector [] - Connector vm://localhost started
7129 [main] INFO  org.apache.activemq.broker.TransportConnector [] - Connector vm://localhost stopped
8109 [main] INFO  org.apache.activemq.broker.BrokerService [] - Apache ActiveMQ 5.13.2 (localhost, ID:BEN-PLL-ST2-HP-64654-1463731269676-0:2) is shutting down
8118 [main] INFO  org.apache.activemq.broker.TransportConnector [] - Connector tcp://localhost:62616?deleteAllMessagesOnStartup=true stopped
8119 [main] INFO  org.apache.activemq.store.kahadb.plist.PListStoreImpl [] - PListStore:[I:\WDSR\anik\exercise4\activemq-data\localhost\tmp_storage] stopped
8119 [main] INFO  org.apache.activemq.store.kahadb.KahaDBStore [] - Stopping async queue tasks
8119 [main] INFO  org.apache.activemq.store.kahadb.KahaDBStore [] - Stopping async topic tasks
8119 [main] INFO  org.apache.activemq.store.kahadb.KahaDBStore [] - Stopped KahaDB
8377 [main] INFO  org.apache.activemq.broker.BrokerService [] - Apache ActiveMQ 5.13.2 (localhost, ID:BEN-PLL-ST2-HP-64654-1463731269676-0:2) uptime 1.891 seconds
8377 [main] INFO  org.apache.activemq.broker.BrokerService [] - Apache ActiveMQ 5.13.2 (localhost, ID:BEN-PLL-ST2-HP-64654-1463731269676-0:2) is shutdown
8625 [main] INFO  org.apache.activemq.broker.BrokerService [] - Using Persistence Adapter: KahaDBPersistenceAdapter[I:\WDSR\anik\exercise4\activemq-data\localhost\KahaDB]
8626 [JMX connector] INFO  org.apache.activemq.broker.jmx.ManagementContext [] - JMX consoles can connect to service:jmx:rmi:///jndi/rmi://localhost:1099/jmxrmi
8923 [main] INFO  org.apache.activemq.store.kahadb.MessageDatabase [] - KahaDB is version 6
8936 [main] INFO  org.apache.activemq.store.kahadb.MessageDatabase [] - Recovering from the journal @1:645742
8936 [main] INFO  org.apache.activemq.store.kahadb.MessageDatabase [] - Recovery replayed 1 operations from the journal in 0.012 seconds.
8937 [main] INFO  org.apache.activemq.store.kahadb.plist.PListStoreImpl [] - PListStore:[I:\WDSR\anik\exercise4\activemq-data\localhost\tmp_storage] started
8938 [main] INFO  org.apache.activemq.broker.BrokerService [] - Apache ActiveMQ 5.13.2 (localhost, ID:BEN-PLL-ST2-HP-64654-1463731269676-0:3) is starting
8958 [main] INFO  org.apache.activemq.transport.TransportServerThreadSupport [] - Listening for connections at: tcp://127.0.0.1:62616?deleteAllMessagesOnStartup=true
8959 [main] INFO  org.apache.activemq.broker.TransportConnector [] - Connector tcp://localhost:62616?deleteAllMessagesOnStartup=true started
8959 [main] INFO  org.apache.activemq.broker.BrokerService [] - Apache ActiveMQ 5.13.2 (localhost, ID:BEN-PLL-ST2-HP-64654-1463731269676-0:3) started
8960 [main] INFO  org.apache.activemq.broker.BrokerService [] - For help or more information please see: http://activemq.apache.org
8980 [main] WARN  org.apache.activemq.broker.BrokerService [] - Store limit is 102400 mb (current store usage is 0 mb). The data directory: I:\WDSR\anik\exercise4\activemq-data\localhost\KahaDB only has 8422 mb of usable space. - resetting to maximum available disk space: 8422 mb
8995 [main] WARN  org.apache.activemq.broker.BrokerService [] - Temporary Store limit is 51200 mb (current store usage is 0 mb). The data directory: I:\WDSR\anik\exercise4\activemq-data\localhost only has 8422 mb of usable space. - resetting to maximum available disk space: 8422 mb
9123 [main] INFO  org.apache.activemq.broker.TransportConnector [] - Connector vm://localhost started
9133 [main] INFO  org.apache.activemq.broker.TransportConnector [] - Connector vm://localhost stopped
10133 [main] INFO  org.apache.activemq.broker.BrokerService [] - Apache ActiveMQ 5.13.2 (localhost, ID:BEN-PLL-ST2-HP-64654-1463731269676-0:3) is shutting down
10145 [main] INFO  org.apache.activemq.broker.TransportConnector [] - Connector tcp://localhost:62616?deleteAllMessagesOnStartup=true stopped
10145 [main] INFO  org.apache.activemq.store.kahadb.plist.PListStoreImpl [] - PListStore:[I:\WDSR\anik\exercise4\activemq-data\localhost\tmp_storage] stopped
10145 [main] INFO  org.apache.activemq.store.kahadb.KahaDBStore [] - Stopping async queue tasks
10145 [main] INFO  org.apache.activemq.store.kahadb.KahaDBStore [] - Stopping async topic tasks
10146 [main] INFO  org.apache.activemq.store.kahadb.KahaDBStore [] - Stopped KahaDB
10432 [main] INFO  org.apache.activemq.broker.BrokerService [] - Apache ActiveMQ 5.13.2 (localhost, ID:BEN-PLL-ST2-HP-64654-1463731269676-0:3) uptime 1.815 seconds
10432 [main] INFO  org.apache.activemq.broker.BrokerService [] - Apache ActiveMQ 5.13.2 (localhost, ID:BEN-PLL-ST2-HP-64654-1463731269676-0:3) is shutdown
2913 [main] INFO  org.apache.activemq.broker.BrokerService [] - Using Persistence Adapter: KahaDBPersistenceAdapter[I:\WDSR\anik\exercise4\activemq-data\localhost\KahaDB]
2977 [JMX connector] INFO  org.apache.activemq.broker.jmx.ManagementContext [] - JMX consoles can connect to service:jmx:rmi:///jndi/rmi://localhost:1099/jmxrmi
3318 [main] INFO  org.apache.activemq.store.kahadb.MessageDatabase [] - KahaDB is version 6
3366 [main] INFO  org.apache.activemq.store.kahadb.MessageDatabase [] - Recovering from the journal @1:655032
3367 [main] INFO  org.apache.activemq.store.kahadb.MessageDatabase [] - Recovery replayed 1 operations from the journal in 0.029 seconds.
3384 [main] INFO  org.apache.activemq.store.kahadb.plist.PListStoreImpl [] - PListStore:[I:\WDSR\anik\exercise4\activemq-data\localhost\tmp_storage] started
3569 [main] INFO  org.apache.activemq.broker.BrokerService [] - Apache ActiveMQ 5.13.2 (localhost, ID:BEN-PLL-ST2-HP-64667-1463731285811-0:1) is starting
3749 [main] INFO  org.apache.activemq.transport.TransportServerThreadSupport [] - Listening for connections at: tcp://127.0.0.1:62616?deleteAllMessagesOnStartup=true
3749 [main] INFO  org.apache.activemq.broker.TransportConnector [] - Connector tcp://localhost:62616?deleteAllMessagesOnStartup=true started
3750 [main] INFO  org.apache.activemq.broker.BrokerService [] - Apache ActiveMQ 5.13.2 (localhost, ID:BEN-PLL-ST2-HP-64667-1463731285811-0:1) started
3750 [main] INFO  org.apache.activemq.broker.BrokerService [] - For help or more information please see: http://activemq.apache.org
3768 [main] WARN  org.apache.activemq.broker.BrokerService [] - Store limit is 102400 mb (current store usage is 0 mb). The data directory: I:\WDSR\anik\exercise4\activemq-data\localhost\KahaDB only has 8422 mb of usable space. - resetting to maximum available disk space: 8422 mb
3783 [main] WARN  org.apache.activemq.broker.BrokerService [] - Temporary Store limit is 51200 mb (current store usage is 0 mb). The data directory: I:\WDSR\anik\exercise4\activemq-data\localhost only has 8422 mb of usable space. - resetting to maximum available disk space: 8422 mb
4226 [main] INFO  org.apache.activemq.broker.TransportConnector [] - Connector vm://localhost started
4289 [main] INFO  org.apache.activemq.broker.TransportConnector [] - Connector vm://localhost stopped
5263 [main] INFO  org.apache.activemq.broker.BrokerService [] - Apache ActiveMQ 5.13.2 (localhost, ID:BEN-PLL-ST2-HP-64667-1463731285811-0:1) is shutting down
5265 [ActiveMQ Transport Server Thread Handler: tcp://localhost:62616?deleteAllMessagesOnStartup=true] INFO  org.apache.activemq.transport.tcp.TcpTransportServer [] - socketQueue interrupted - stopping
5265 [ActiveMQ Transport Server Thread Handler: tcp://localhost:62616?deleteAllMessagesOnStartup=true] ERROR org.apache.activemq.broker.TransportConnector [] - Could not accept connection : java.lang.InterruptedException
5287 [main] INFO  org.apache.activemq.broker.TransportConnector [] - Connector tcp://localhost:62616?deleteAllMessagesOnStartup=true stopped
5293 [main] INFO  org.apache.activemq.store.kahadb.plist.PListStoreImpl [] - PListStore:[I:\WDSR\anik\exercise4\activemq-data\localhost\tmp_storage] stopped
5293 [main] INFO  org.apache.activemq.store.kahadb.KahaDBStore [] - Stopping async queue tasks
5293 [main] INFO  org.apache.activemq.store.kahadb.KahaDBStore [] - Stopping async topic tasks
5294 [main] INFO  org.apache.activemq.store.kahadb.KahaDBStore [] - Stopped KahaDB
5482 [main] INFO  org.apache.activemq.broker.BrokerService [] - Apache ActiveMQ 5.13.2 (localhost, ID:BEN-PLL-ST2-HP-64667-1463731285811-0:1) uptime 2.951 seconds
5483 [main] INFO  org.apache.activemq.broker.BrokerService [] - Apache ActiveMQ 5.13.2 (localhost, ID:BEN-PLL-ST2-HP-64667-1463731285811-0:1) is shutdown
5838 [main] INFO  org.apache.activemq.broker.BrokerService [] - Using Persistence Adapter: KahaDBPersistenceAdapter[I:\WDSR\anik\exercise4\activemq-data\localhost\KahaDB]
5850 [JMX connector] INFO  org.apache.activemq.broker.jmx.ManagementContext [] - JMX consoles can connect to service:jmx:rmi:///jndi/rmi://localhost:1099/jmxrmi
6182 [main] INFO  org.apache.activemq.store.kahadb.MessageDatabase [] - KahaDB is version 6
6197 [main] INFO  org.apache.activemq.store.kahadb.MessageDatabase [] - Recovering from the journal @1:664322
6197 [main] INFO  org.apache.activemq.store.kahadb.MessageDatabase [] - Recovery replayed 1 operations from the journal in 0.012 seconds.
6200 [main] INFO  org.apache.activemq.store.kahadb.plist.PListStoreImpl [] - PListStore:[I:\WDSR\anik\exercise4\activemq-data\localhost\tmp_storage] started
6201 [main] INFO  org.apache.activemq.broker.BrokerService [] - Apache ActiveMQ 5.13.2 (localhost, ID:BEN-PLL-ST2-HP-64667-1463731285811-0:2) is starting
6246 [main] INFO  org.apache.activemq.transport.TransportServerThreadSupport [] - Listening for connections at: tcp://127.0.0.1:62616?deleteAllMessagesOnStartup=true
6251 [main] INFO  org.apache.activemq.broker.TransportConnector [] - Connector tcp://localhost:62616?deleteAllMessagesOnStartup=true started
6251 [main] INFO  org.apache.activemq.broker.BrokerService [] - Apache ActiveMQ 5.13.2 (localhost, ID:BEN-PLL-ST2-HP-64667-1463731285811-0:2) started
6251 [main] INFO  org.apache.activemq.broker.BrokerService [] - For help or more information please see: http://activemq.apache.org
6279 [main] WARN  org.apache.activemq.broker.BrokerService [] - Store limit is 102400 mb (current store usage is 0 mb). The data directory: I:\WDSR\anik\exercise4\activemq-data\localhost\KahaDB only has 8422 mb of usable space. - resetting to maximum available disk space: 8422 mb
6295 [main] WARN  org.apache.activemq.broker.BrokerService [] - Temporary Store limit is 51200 mb (current store usage is 0 mb). The data directory: I:\WDSR\anik\exercise4\activemq-data\localhost only has 8421 mb of usable space. - resetting to maximum available disk space: 8421 mb
6417 [main] INFO  org.apache.activemq.broker.TransportConnector [] - Connector vm://localhost started
6494 [main] INFO  org.apache.activemq.broker.TransportConnector [] - Connector vm://localhost stopped
7496 [main] INFO  org.apache.activemq.broker.BrokerService [] - Apache ActiveMQ 5.13.2 (localhost, ID:BEN-PLL-ST2-HP-64667-1463731285811-0:2) is shutting down
7504 [main] INFO  org.apache.activemq.broker.TransportConnector [] - Connector tcp://localhost:62616?deleteAllMessagesOnStartup=true stopped
7504 [main] INFO  org.apache.activemq.store.kahadb.plist.PListStoreImpl [] - PListStore:[I:\WDSR\anik\exercise4\activemq-data\localhost\tmp_storage] stopped
7505 [main] INFO  org.apache.activemq.store.kahadb.KahaDBStore [] - Stopping async queue tasks
7505 [main] INFO  org.apache.activemq.store.kahadb.KahaDBStore [] - Stopping async topic tasks
7505 [main] INFO  org.apache.activemq.store.kahadb.KahaDBStore [] - Stopped KahaDB
7689 [main] INFO  org.apache.activemq.broker.BrokerService [] - Apache ActiveMQ 5.13.2 (localhost, ID:BEN-PLL-ST2-HP-64667-1463731285811-0:2) uptime 1.868 seconds
7689 [main] INFO  org.apache.activemq.broker.BrokerService [] - Apache ActiveMQ 5.13.2 (localhost, ID:BEN-PLL-ST2-HP-64667-1463731285811-0:2) is shutdown
7957 [main] INFO  org.apache.activemq.broker.BrokerService [] - Using Persistence Adapter: KahaDBPersistenceAdapter[I:\WDSR\anik\exercise4\activemq-data\localhost\KahaDB]
7959 [JMX connector] INFO  org.apache.activemq.broker.jmx.ManagementContext [] - JMX consoles can connect to service:jmx:rmi:///jndi/rmi://localhost:1099/jmxrmi
8245 [main] INFO  org.apache.activemq.store.kahadb.MessageDatabase [] - KahaDB is version 6
8251 [main] INFO  org.apache.activemq.store.kahadb.MessageDatabase [] - Recovering from the journal @1:673612
8251 [main] INFO  org.apache.activemq.store.kahadb.MessageDatabase [] - Recovery replayed 1 operations from the journal in 0.005 seconds.
8252 [main] INFO  org.apache.activemq.store.kahadb.plist.PListStoreImpl [] - PListStore:[I:\WDSR\anik\exercise4\activemq-data\localhost\tmp_storage] started
8253 [main] INFO  org.apache.activemq.broker.BrokerService [] - Apache ActiveMQ 5.13.2 (localhost, ID:BEN-PLL-ST2-HP-64667-1463731285811-0:3) is starting
8272 [main] INFO  org.apache.activemq.transport.TransportServerThreadSupport [] - Listening for connections at: tcp://127.0.0.1:62616?deleteAllMessagesOnStartup=true
8272 [main] INFO  org.apache.activemq.broker.TransportConnector [] - Connector tcp://localhost:62616?deleteAllMessagesOnStartup=true started
8273 [main] INFO  org.apache.activemq.broker.BrokerService [] - Apache ActiveMQ 5.13.2 (localhost, ID:BEN-PLL-ST2-HP-64667-1463731285811-0:3) started
8273 [main] INFO  org.apache.activemq.broker.BrokerService [] - For help or more information please see: http://activemq.apache.org
8290 [main] WARN  org.apache.activemq.broker.BrokerService [] - Store limit is 102400 mb (current store usage is 0 mb). The data directory: I:\WDSR\anik\exercise4\activemq-data\localhost\KahaDB only has 8422 mb of usable space. - resetting to maximum available disk space: 8422 mb
8306 [main] WARN  org.apache.activemq.broker.BrokerService [] - Temporary Store limit is 51200 mb (current store usage is 0 mb). The data directory: I:\WDSR\anik\exercise4\activemq-data\localhost only has 8421 mb of usable space. - resetting to maximum available disk space: 8421 mb
8372 [main] INFO  org.apache.activemq.broker.TransportConnector [] - Connector vm://localhost started
8401 [main] INFO  org.apache.activemq.broker.TransportConnector [] - Connector vm://localhost stopped
9404 [main] INFO  org.apache.activemq.broker.BrokerService [] - Apache ActiveMQ 5.13.2 (localhost, ID:BEN-PLL-ST2-HP-64667-1463731285811-0:3) is shutting down
9418 [main] INFO  org.apache.activemq.broker.TransportConnector [] - Connector tcp://localhost:62616?deleteAllMessagesOnStartup=true stopped
9420 [main] INFO  org.apache.activemq.store.kahadb.plist.PListStoreImpl [] - PListStore:[I:\WDSR\anik\exercise4\activemq-data\localhost\tmp_storage] stopped
9420 [main] INFO  org.apache.activemq.store.kahadb.KahaDBStore [] - Stopping async queue tasks
9420 [main] INFO  org.apache.activemq.store.kahadb.KahaDBStore [] - Stopping async topic tasks
9421 [main] INFO  org.apache.activemq.store.kahadb.KahaDBStore [] - Stopped KahaDB
9750 [main] INFO  org.apache.activemq.broker.BrokerService [] - Apache ActiveMQ 5.13.2 (localhost, ID:BEN-PLL-ST2-HP-64667-1463731285811-0:3) uptime 1.799 seconds
9750 [main] INFO  org.apache.activemq.broker.BrokerService [] - Apache ActiveMQ 5.13.2 (localhost, ID:BEN-PLL-ST2-HP-64667-1463731285811-0:3) is shutdown
10091 [main] INFO  org.apache.activemq.broker.BrokerService [] - Using Persistence Adapter: KahaDBPersistenceAdapter[I:\WDSR\anik\exercise4\activemq-data\localhost\KahaDB]
10147 [JMX connector] INFO  org.apache.activemq.broker.jmx.ManagementContext [] - JMX consoles can connect to service:jmx:rmi:///jndi/rmi://localhost:1099/jmxrmi
10433 [main] INFO  org.apache.activemq.store.kahadb.MessageDatabase [] - KahaDB is version 6
10437 [main] INFO  org.apache.activemq.store.kahadb.MessageDatabase [] - Recovering from the journal @1:682902
10437 [main] INFO  org.apache.activemq.store.kahadb.MessageDatabase [] - Recovery replayed 1 operations from the journal in 0.003 seconds.
10438 [main] INFO  org.apache.activemq.store.kahadb.plist.PListStoreImpl [] - PListStore:[I:\WDSR\anik\exercise4\activemq-data\localhost\tmp_storage] started
10453 [main] INFO  org.apache.activemq.broker.BrokerService [] - Apache ActiveMQ 5.13.2 (localhost, ID:BEN-PLL-ST2-HP-64667-1463731285811-0:4) is starting
10472 [main] INFO  org.apache.activemq.transport.TransportServerThreadSupport [] - Listening for connections at: tcp://127.0.0.1:62616?deleteAllMessagesOnStartup=true
10472 [main] INFO  org.apache.activemq.broker.TransportConnector [] - Connector tcp://localhost:62616?deleteAllMessagesOnStartup=true started
10473 [main] INFO  org.apache.activemq.broker.BrokerService [] - Apache ActiveMQ 5.13.2 (localhost, ID:BEN-PLL-ST2-HP-64667-1463731285811-0:4) started
10473 [main] INFO  org.apache.activemq.broker.BrokerService [] - For help or more information please see: http://activemq.apache.org
10491 [main] WARN  org.apache.activemq.broker.BrokerService [] - Store limit is 102400 mb (current store usage is 0 mb). The data directory: I:\WDSR\anik\exercise4\activemq-data\localhost\KahaDB only has 8422 mb of usable space. - resetting to maximum available disk space: 8422 mb
10508 [main] WARN  org.apache.activemq.broker.BrokerService [] - Temporary Store limit is 51200 mb (current store usage is 0 mb). The data directory: I:\WDSR\anik\exercise4\activemq-data\localhost only has 8421 mb of usable space. - resetting to maximum available disk space: 8421 mb
10555 [main] INFO  wdsr.exercise4.receiver.ReceiveTest [] - Setting JMS receive timeout to 100ms
10687 [main] INFO  wdsr.exercise4.receiver.ReceiveTest [] - alertText=
Timestamp=1463731293082
Stock=GOOG
Volume=500000
10698 [main] INFO  org.apache.activemq.broker.TransportConnector [] - Connector vm://localhost started
10813 [main] INFO  org.apache.activemq.broker.TransportConnector [] - Connector vm://localhost stopped
10821 [main] INFO  org.apache.activemq.broker.BrokerService [] - Apache ActiveMQ 5.13.2 (localhost, ID:BEN-PLL-ST2-HP-64667-1463731285811-0:4) is shutting down
10822 [main] INFO  org.apache.activemq.broker.TransportConnector [] - Connector tcp://localhost:62616?deleteAllMessagesOnStartup=true stopped
10830 [main] INFO  org.apache.activemq.store.kahadb.plist.PListStoreImpl [] - PListStore:[I:\WDSR\anik\exercise4\activemq-data\localhost\tmp_storage] stopped
10830 [main] INFO  org.apache.activemq.store.kahadb.KahaDBStore [] - Stopping async queue tasks
10831 [main] INFO  org.apache.activemq.store.kahadb.KahaDBStore [] - Stopping async topic tasks
10831 [main] INFO  org.apache.activemq.store.kahadb.KahaDBStore [] - Stopped KahaDB
11018 [main] INFO  org.apache.activemq.broker.BrokerService [] - Apache ActiveMQ 5.13.2 (localhost, ID:BEN-PLL-ST2-HP-64667-1463731285811-0:4) uptime 0.938 seconds
11018 [main] INFO  org.apache.activemq.broker.BrokerService [] - Apache ActiveMQ 5.13.2 (localhost, ID:BEN-PLL-ST2-HP-64667-1463731285811-0:4) is shutdown
11170 [main] INFO  org.apache.activemq.broker.BrokerService [] - Using Persistence Adapter: KahaDBPersistenceAdapter[I:\WDSR\anik\exercise4\activemq-data\localhost\KahaDB]
11176 [JMX connector] INFO  org.apache.activemq.broker.jmx.ManagementContext [] - JMX consoles can connect to service:jmx:rmi:///jndi/rmi://localhost:1099/jmxrmi
11493 [main] INFO  org.apache.activemq.store.kahadb.MessageDatabase [] - KahaDB is version 6
11495 [main] INFO  org.apache.activemq.store.kahadb.MessageDatabase [] - Recovering from the journal @1:692961
11495 [main] INFO  org.apache.activemq.store.kahadb.MessageDatabase [] - Recovery replayed 1 operations from the journal in 0.001 seconds.
11496 [main] INFO  org.apache.activemq.store.kahadb.plist.PListStoreImpl [] - PListStore:[I:\WDSR\anik\exercise4\activemq-data\localhost\tmp_storage] started
11497 [main] INFO  org.apache.activemq.broker.BrokerService [] - Apache ActiveMQ 5.13.2 (localhost, ID:BEN-PLL-ST2-HP-64667-1463731285811-0:5) is starting
11514 [main] INFO  org.apache.activemq.transport.TransportServerThreadSupport [] - Listening for connections at: tcp://127.0.0.1:62616?deleteAllMessagesOnStartup=true
11514 [main] INFO  org.apache.activemq.broker.TransportConnector [] - Connector tcp://localhost:62616?deleteAllMessagesOnStartup=true started
11515 [main] INFO  org.apache.activemq.broker.BrokerService [] - Apache ActiveMQ 5.13.2 (localhost, ID:BEN-PLL-ST2-HP-64667-1463731285811-0:5) started
11515 [main] INFO  org.apache.activemq.broker.BrokerService [] - For help or more information please see: http://activemq.apache.org
11535 [main] WARN  org.apache.activemq.broker.BrokerService [] - Store limit is 102400 mb (current store usage is 0 mb). The data directory: I:\WDSR\anik\exercise4\activemq-data\localhost\KahaDB only has 8422 mb of usable space. - resetting to maximum available disk space: 8422 mb
11550 [main] WARN  org.apache.activemq.broker.BrokerService [] - Temporary Store limit is 51200 mb (current store usage is 0 mb). The data directory: I:\WDSR\anik\exercise4\activemq-data\localhost only has 8421 mb of usable space. - resetting to maximum available disk space: 8421 mb
11583 [main] INFO  wdsr.exercise4.receiver.ReceiveTest [] - Setting JMS receive timeout to 100ms
11720 [main] INFO  org.apache.activemq.broker.TransportConnector [] - Connector vm://localhost started
11769 [main] INFO  org.apache.activemq.broker.TransportConnector [] - Connector vm://localhost stopped
11772 [main] INFO  org.apache.activemq.broker.BrokerService [] - Apache ActiveMQ 5.13.2 (localhost, ID:BEN-PLL-ST2-HP-64667-1463731285811-0:5) is shutting down
11774 [main] INFO  org.apache.activemq.broker.TransportConnector [] - Connector tcp://localhost:62616?deleteAllMessagesOnStartup=true stopped
11774 [main] INFO  org.apache.activemq.store.kahadb.plist.PListStoreImpl [] - PListStore:[I:\WDSR\anik\exercise4\activemq-data\localhost\tmp_storage] stopped
11775 [main] INFO  org.apache.activemq.store.kahadb.KahaDBStore [] - Stopping async queue tasks
11775 [main] INFO  org.apache.activemq.store.kahadb.KahaDBStore [] - Stopping async topic tasks
11775 [main] INFO  org.apache.activemq.store.kahadb.KahaDBStore [] - Stopped KahaDB
11999 [main] INFO  org.apache.activemq.broker.BrokerService [] - Apache ActiveMQ 5.13.2 (localhost, ID:BEN-PLL-ST2-HP-64667-1463731285811-0:5) uptime 0.835 seconds
11999 [main] INFO  org.apache.activemq.broker.BrokerService [] - Apache ActiveMQ 5.13.2 (localhost, ID:BEN-PLL-ST2-HP-64667-1463731285811-0:5) is shutdown
12213 [main] INFO  org.apache.activemq.broker.BrokerService [] - Using Persistence Adapter: KahaDBPersistenceAdapter[I:\WDSR\anik\exercise4\activemq-data\localhost\KahaDB]
12214 [JMX connector] INFO  org.apache.activemq.broker.jmx.ManagementContext [] - JMX consoles can connect to service:jmx:rmi:///jndi/rmi://localhost:1099/jmxrmi
12504 [main] INFO  org.apache.activemq.store.kahadb.MessageDatabase [] - KahaDB is version 6
12507 [main] INFO  org.apache.activemq.store.kahadb.MessageDatabase [] - Recovering from the journal @1:703397
12507 [main] INFO  org.apache.activemq.store.kahadb.MessageDatabase [] - Recovery replayed 1 operations from the journal in 0.002 seconds.
12508 [main] INFO  org.apache.activemq.store.kahadb.plist.PListStoreImpl [] - PListStore:[I:\WDSR\anik\exercise4\activemq-data\localhost\tmp_storage] started
12509 [main] INFO  org.apache.activemq.broker.BrokerService [] - Apache ActiveMQ 5.13.2 (localhost, ID:BEN-PLL-ST2-HP-64667-1463731285811-0:6) is starting
12526 [main] INFO  org.apache.activemq.transport.TransportServerThreadSupport [] - Listening for connections at: tcp://127.0.0.1:62616?deleteAllMessagesOnStartup=true
12526 [main] INFO  org.apache.activemq.broker.TransportConnector [] - Connector tcp://localhost:62616?deleteAllMessagesOnStartup=true started
12527 [main] INFO  org.apache.activemq.broker.BrokerService [] - Apache ActiveMQ 5.13.2 (localhost, ID:BEN-PLL-ST2-HP-64667-1463731285811-0:6) started
12527 [main] INFO  org.apache.activemq.broker.BrokerService [] - For help or more information please see: http://activemq.apache.org
12547 [main] WARN  org.apache.activemq.broker.BrokerService [] - Store limit is 102400 mb (current store usage is 0 mb). The data directory: I:\WDSR\anik\exercise4\activemq-data\localhost\KahaDB only has 8422 mb of usable space. - resetting to maximum available disk space: 8422 mb
12566 [main] WARN  org.apache.activemq.broker.BrokerService [] - Temporary Store limit is 51200 mb (current store usage is 0 mb). The data directory: I:\WDSR\anik\exercise4\activemq-data\localhost only has 8421 mb of usable space. - resetting to maximum available disk space: 8421 mb
12623 [main] INFO  wdsr.exercise4.receiver.ReceiveTest [] - Setting JMS receive timeout to 100ms
12764 [main] INFO  org.apache.activemq.broker.TransportConnector [] - Connector vm://localhost started
12827 [main] INFO  org.apache.activemq.broker.TransportConnector [] - Connector vm://localhost stopped
12840 [main] INFO  org.apache.activemq.broker.BrokerService [] - Apache ActiveMQ 5.13.2 (localhost, ID:BEN-PLL-ST2-HP-64667-1463731285811-0:6) is shutting down
12841 [main] INFO  org.apache.activemq.broker.TransportConnector [] - Connector tcp://localhost:62616?deleteAllMessagesOnStartup=true stopped
12841 [main] INFO  org.apache.activemq.store.kahadb.plist.PListStoreImpl [] - PListStore:[I:\WDSR\anik\exercise4\activemq-data\localhost\tmp_storage] stopped
12841 [main] INFO  org.apache.activemq.store.kahadb.KahaDBStore [] - Stopping async queue tasks
12841 [main] INFO  org.apache.activemq.store.kahadb.KahaDBStore [] - Stopping async topic tasks
12842 [main] INFO  org.apache.activemq.store.kahadb.KahaDBStore [] - Stopped KahaDB
12845 [ActiveMQ Transport Server Thread Handler: tcp://localhost:62616?deleteAllMessagesOnStartup=true] INFO  org.apache.activemq.transport.tcp.TcpTransportServer [] - socketQueue interrupted - stopping
12845 [ActiveMQ Transport Server Thread Handler: tcp://localhost:62616?deleteAllMessagesOnStartup=true] ERROR org.apache.activemq.broker.TransportConnector [] - Could not accept connection : java.lang.InterruptedException
13012 [main] INFO  org.apache.activemq.broker.BrokerService [] - Apache ActiveMQ 5.13.2 (localhost, ID:BEN-PLL-ST2-HP-64667-1463731285811-0:6) uptime 0.810 seconds
13013 [main] INFO  org.apache.activemq.broker.BrokerService [] - Apache ActiveMQ 5.13.2 (localhost, ID:BEN-PLL-ST2-HP-64667-1463731285811-0:6) is shutdown
13196 [main] INFO  org.apache.activemq.broker.BrokerService [] - Using Persistence Adapter: KahaDBPersistenceAdapter[I:\WDSR\anik\exercise4\activemq-data\localhost\KahaDB]
13200 [JMX connector] INFO  org.apache.activemq.broker.jmx.ManagementContext [] - JMX consoles can connect to service:jmx:rmi:///jndi/rmi://localhost:1099/jmxrmi
13499 [main] INFO  org.apache.activemq.store.kahadb.MessageDatabase [] - KahaDB is version 6
13502 [main] INFO  org.apache.activemq.store.kahadb.MessageDatabase [] - Recovering from the journal @1:713533
13502 [main] INFO  org.apache.activemq.store.kahadb.MessageDatabase [] - Recovery replayed 1 operations from the journal in 0.002 seconds.
13503 [main] INFO  org.apache.activemq.store.kahadb.plist.PListStoreImpl [] - PListStore:[I:\WDSR\anik\exercise4\activemq-data\localhost\tmp_storage] started
13504 [main] INFO  org.apache.activemq.broker.BrokerService [] - Apache ActiveMQ 5.13.2 (localhost, ID:BEN-PLL-ST2-HP-64667-1463731285811-0:7) is starting
13517 [main] INFO  org.apache.activemq.transport.TransportServerThreadSupport [] - Listening for connections at: tcp://127.0.0.1:62616?deleteAllMessagesOnStartup=true
13517 [main] INFO  org.apache.activemq.broker.TransportConnector [] - Connector tcp://localhost:62616?deleteAllMessagesOnStartup=true started
13517 [main] INFO  org.apache.activemq.broker.BrokerService [] - Apache ActiveMQ 5.13.2 (localhost, ID:BEN-PLL-ST2-HP-64667-1463731285811-0:7) started
13517 [main] INFO  org.apache.activemq.broker.BrokerService [] - For help or more information please see: http://activemq.apache.org
13537 [main] WARN  org.apache.activemq.broker.BrokerService [] - Store limit is 102400 mb (current store usage is 0 mb). The data directory: I:\WDSR\anik\exercise4\activemq-data\localhost\KahaDB only has 8422 mb of usable space. - resetting to maximum available disk space: 8422 mb
13551 [main] WARN  org.apache.activemq.broker.BrokerService [] - Temporary Store limit is 51200 mb (current store usage is 0 mb). The data directory: I:\WDSR\anik\exercise4\activemq-data\localhost only has 8421 mb of usable space. - resetting to maximum available disk space: 8421 mb
13570 [main] INFO  wdsr.exercise4.receiver.ReceiveTest [] - Setting JMS receive timeout to 100ms
13684 [main] INFO  wdsr.exercise4.receiver.ReceiveTest [] - alertText1=
Timestamp=1463731296079
Stock=GOOG
Volume=500000
13684 [main] INFO  wdsr.exercise4.receiver.ReceiveTest [] - alertText2=
Timestamp=1463731296079
Stock=MSFT
Volume=500000
13685 [main] INFO  org.apache.activemq.broker.TransportConnector [] - Connector vm://localhost started
13838 [main] INFO  org.apache.activemq.broker.TransportConnector [] - Connector vm://localhost stopped
13841 [main] INFO  org.apache.activemq.broker.BrokerService [] - Apache ActiveMQ 5.13.2 (localhost, ID:BEN-PLL-ST2-HP-64667-1463731285811-0:7) is shutting down
13841 [main] INFO  org.apache.activemq.broker.TransportConnector [] - Connector tcp://localhost:62616?deleteAllMessagesOnStartup=true stopped
13842 [main] INFO  org.apache.activemq.store.kahadb.plist.PListStoreImpl [] - PListStore:[I:\WDSR\anik\exercise4\activemq-data\localhost\tmp_storage] stopped
13842 [main] INFO  org.apache.activemq.store.kahadb.KahaDBStore [] - Stopping async queue tasks
13842 [main] INFO  org.apache.activemq.store.kahadb.KahaDBStore [] - Stopping async topic tasks
13842 [main] INFO  org.apache.activemq.store.kahadb.KahaDBStore [] - Stopped KahaDB
14004 [main] INFO  org.apache.activemq.broker.BrokerService [] - Apache ActiveMQ 5.13.2 (localhost, ID:BEN-PLL-ST2-HP-64667-1463731285811-0:7) uptime 0.820 seconds
14004 [main] INFO  org.apache.activemq.broker.BrokerService [] - Apache ActiveMQ 5.13.2 (localhost, ID:BEN-PLL-ST2-HP-64667-1463731285811-0:7) is shutdown
14142 [main] INFO  org.apache.activemq.broker.BrokerService [] - Using Persistence Adapter: KahaDBPersistenceAdapter[I:\WDSR\anik\exercise4\activemq-data\localhost\KahaDB]
14148 [JMX connector] INFO  org.apache.activemq.broker.jmx.ManagementContext [] - JMX consoles can connect to service:jmx:rmi:///jndi/rmi://localhost:1099/jmxrmi
14462 [main] INFO  org.apache.activemq.store.kahadb.MessageDatabase [] - KahaDB is version 6
14464 [main] INFO  org.apache.activemq.store.kahadb.MessageDatabase [] - Recovering from the journal @1:724360
14465 [main] INFO  org.apache.activemq.store.kahadb.MessageDatabase [] - Recovery replayed 1 operations from the journal in 0.002 seconds.
14465 [main] INFO  org.apache.activemq.store.kahadb.plist.PListStoreImpl [] - PListStore:[I:\WDSR\anik\exercise4\activemq-data\localhost\tmp_storage] started
14466 [main] INFO  org.apache.activemq.broker.BrokerService [] - Apache ActiveMQ 5.13.2 (localhost, ID:BEN-PLL-ST2-HP-64667-1463731285811-0:8) is starting
14486 [main] INFO  org.apache.activemq.transport.TransportServerThreadSupport [] - Listening for connections at: tcp://127.0.0.1:62616?deleteAllMessagesOnStartup=true
14486 [main] INFO  org.apache.activemq.broker.TransportConnector [] - Connector tcp://localhost:62616?deleteAllMessagesOnStartup=true started
14486 [main] INFO  org.apache.activemq.broker.BrokerService [] - Apache ActiveMQ 5.13.2 (localhost, ID:BEN-PLL-ST2-HP-64667-1463731285811-0:8) started
14486 [main] INFO  org.apache.activemq.broker.BrokerService [] - For help or more information please see: http://activemq.apache.org
14506 [main] WARN  org.apache.activemq.broker.BrokerService [] - Store limit is 102400 mb (current store usage is 0 mb). The data directory: I:\WDSR\anik\exercise4\activemq-data\localhost\KahaDB only has 8422 mb of usable space. - resetting to maximum available disk space: 8422 mb
14522 [main] WARN  org.apache.activemq.broker.BrokerService [] - Temporary Store limit is 51200 mb (current store usage is 0 mb). The data directory: I:\WDSR\anik\exercise4\activemq-data\localhost only has 8421 mb of usable space. - resetting to maximum available disk space: 8421 mb
14548 [main] INFO  wdsr.exercise4.receiver.ReceiveTest [] - Setting JMS receive timeout to 100ms
14682 [main] INFO  wdsr.exercise4.receiver.ReceiveTest [] - AlertText=
Timestamp=1463731297077
Stock=GOOG
Price= 10
14683 [main] INFO  org.apache.activemq.broker.TransportConnector [] - Connector vm://localhost started
14727 [main] INFO  org.apache.activemq.broker.TransportConnector [] - Connector vm://localhost stopped
14730 [main] INFO  org.apache.activemq.broker.BrokerService [] - Apache ActiveMQ 5.13.2 (localhost, ID:BEN-PLL-ST2-HP-64667-1463731285811-0:8) is shutting down
14731 [main] INFO  org.apache.activemq.broker.TransportConnector [] - Connector tcp://localhost:62616?deleteAllMessagesOnStartup=true stopped
14732 [main] INFO  org.apache.activemq.store.kahadb.plist.PListStoreImpl [] - PListStore:[I:\WDSR\anik\exercise4\activemq-data\localhost\tmp_storage] stopped
14740 [main] INFO  org.apache.activemq.store.kahadb.KahaDBStore [] - Stopping async queue tasks
14741 [main] INFO  org.apache.activemq.store.kahadb.KahaDBStore [] - Stopping async topic tasks
14742 [main] INFO  org.apache.activemq.store.kahadb.KahaDBStore [] - Stopped KahaDB
14737 [ActiveMQ Transport Server Thread Handler: tcp://localhost:62616?deleteAllMessagesOnStartup=true] INFO  org.apache.activemq.transport.tcp.TcpTransportServer [] - socketQueue interrupted - stopping
14745 [ActiveMQ Transport Server Thread Handler: tcp://localhost:62616?deleteAllMessagesOnStartup=true] ERROR org.apache.activemq.broker.TransportConnector [] - Could not accept connection : java.lang.InterruptedException
14967 [main] INFO  org.apache.activemq.broker.BrokerService [] - Apache ActiveMQ 5.13.2 (localhost, ID:BEN-PLL-ST2-HP-64667-1463731285811-0:8) uptime 0.842 seconds
14967 [main] INFO  org.apache.activemq.broker.BrokerService [] - Apache ActiveMQ 5.13.2 (localhost, ID:BEN-PLL-ST2-HP-64667-1463731285811-0:8) is shutdown
4821 [Test worker] INFO  org.apache.activemq.broker.BrokerService [] - Using Persistence Adapter: KahaDBPersistenceAdapter[I:\WDSR\anik\exercise4\activemq-data\localhost\KahaDB]
4845 [JMX connector] INFO  org.apache.activemq.broker.jmx.ManagementContext [] - JMX consoles can connect to service:jmx:rmi:///jndi/rmi://localhost:1099/jmxrmi
5253 [Test worker] INFO  org.apache.activemq.store.kahadb.MessageDatabase [] - KahaDB is version 6
5345 [Test worker] INFO  org.apache.activemq.store.kahadb.MessageDatabase [] - Recovering from the journal @1:734415
5346 [Test worker] INFO  org.apache.activemq.store.kahadb.MessageDatabase [] - Recovery replayed 1 operations from the journal in 0.053 seconds.
5382 [Test worker] INFO  org.apache.activemq.store.kahadb.plist.PListStoreImpl [] - PListStore:[I:\WDSR\anik\exercise4\activemq-data\localhost\tmp_storage] started
5656 [Test worker] INFO  org.apache.activemq.broker.BrokerService [] - Apache ActiveMQ 5.13.2 (localhost, ID:BEN-PLL-ST2-HP-64751-1463731416679-0:1) is starting
5905 [Test worker] INFO  org.apache.activemq.transport.TransportServerThreadSupport [] - Listening for connections at: tcp://127.0.0.1:62616?deleteAllMessagesOnStartup=true
5906 [Test worker] INFO  org.apache.activemq.broker.TransportConnector [] - Connector tcp://localhost:62616?deleteAllMessagesOnStartup=true started
5909 [Test worker] INFO  org.apache.activemq.broker.BrokerService [] - Apache ActiveMQ 5.13.2 (localhost, ID:BEN-PLL-ST2-HP-64751-1463731416679-0:1) started
5909 [Test worker] INFO  org.apache.activemq.broker.BrokerService [] - For help or more information please see: http://activemq.apache.org
5939 [Test worker] WARN  org.apache.activemq.broker.BrokerService [] - Store limit is 102400 mb (current store usage is 0 mb). The data directory: I:\WDSR\anik\exercise4\activemq-data\localhost\KahaDB only has 8421 mb of usable space. - resetting to maximum available disk space: 8421 mb
5955 [Test worker] WARN  org.apache.activemq.broker.BrokerService [] - Temporary Store limit is 51200 mb (current store usage is 0 mb). The data directory: I:\WDSR\anik\exercise4\activemq-data\localhost only has 8420 mb of usable space. - resetting to maximum available disk space: 8420 mb
6219 [Test worker] INFO  wdsr.exercise4.receiver.ReceiveTest [] - Setting JMS receive timeout to 100ms
6597 [Test worker] INFO  wdsr.exercise4.receiver.ReceiveTest [] - alertText=
Timestamp=1463731417821
Stock=GOOG
Volume=500000
6610 [Test worker] INFO  org.apache.activemq.broker.TransportConnector [] - Connector vm://localhost started
6763 [Test worker] INFO  org.apache.activemq.broker.TransportConnector [] - Connector vm://localhost stopped
6769 [Test worker] INFO  org.apache.activemq.broker.BrokerService [] - Apache ActiveMQ 5.13.2 (localhost, ID:BEN-PLL-ST2-HP-64751-1463731416679-0:1) is shutting down
6771 [Test worker] INFO  org.apache.activemq.broker.TransportConnector [] - Connector tcp://localhost:62616?deleteAllMessagesOnStartup=true stopped
6779 [Test worker] INFO  org.apache.activemq.store.kahadb.plist.PListStoreImpl [] - PListStore:[I:\WDSR\anik\exercise4\activemq-data\localhost\tmp_storage] stopped
6779 [Test worker] INFO  org.apache.activemq.store.kahadb.KahaDBStore [] - Stopping async queue tasks
6779 [Test worker] INFO  org.apache.activemq.store.kahadb.KahaDBStore [] - Stopping async topic tasks
6780 [Test worker] INFO  org.apache.activemq.store.kahadb.KahaDBStore [] - Stopped KahaDB
6864 [Test worker] INFO  org.apache.activemq.broker.BrokerService [] - Apache ActiveMQ 5.13.2 (localhost, ID:BEN-PLL-ST2-HP-64751-1463731416679-0:1) uptime 2.559 seconds
6864 [Test worker] INFO  org.apache.activemq.broker.BrokerService [] - Apache ActiveMQ 5.13.2 (localhost, ID:BEN-PLL-ST2-HP-64751-1463731416679-0:1) is shutdown
7183 [Test worker] INFO  org.apache.activemq.broker.BrokerService [] - Using Persistence Adapter: KahaDBPersistenceAdapter[I:\WDSR\anik\exercise4\activemq-data\localhost\KahaDB]
7194 [JMX connector] INFO  org.apache.activemq.broker.jmx.ManagementContext [] - JMX consoles can connect to service:jmx:rmi:///jndi/rmi://localhost:1099/jmxrmi
7519 [Test worker] INFO  org.apache.activemq.store.kahadb.MessageDatabase [] - KahaDB is version 6
7525 [Test worker] INFO  org.apache.activemq.store.kahadb.MessageDatabase [] - Recovering from the journal @1:744468
7526 [Test worker] INFO  org.apache.activemq.store.kahadb.MessageDatabase [] - Recovery replayed 1 operations from the journal in 0.006 seconds.
7530 [Test worker] INFO  org.apache.activemq.store.kahadb.plist.PListStoreImpl [] - PListStore:[I:\WDSR\anik\exercise4\activemq-data\localhost\tmp_storage] started
7531 [Test worker] INFO  org.apache.activemq.broker.BrokerService [] - Apache ActiveMQ 5.13.2 (localhost, ID:BEN-PLL-ST2-HP-64751-1463731416679-0:2) is starting
7560 [Test worker] INFO  org.apache.activemq.transport.TransportServerThreadSupport [] - Listening for connections at: tcp://127.0.0.1:62616?deleteAllMessagesOnStartup=true
7561 [Test worker] INFO  org.apache.activemq.broker.TransportConnector [] - Connector tcp://localhost:62616?deleteAllMessagesOnStartup=true started
7562 [Test worker] INFO  org.apache.activemq.broker.BrokerService [] - Apache ActiveMQ 5.13.2 (localhost, ID:BEN-PLL-ST2-HP-64751-1463731416679-0:2) started
7562 [Test worker] INFO  org.apache.activemq.broker.BrokerService [] - For help or more information please see: http://activemq.apache.org
7595 [Test worker] WARN  org.apache.activemq.broker.BrokerService [] - Store limit is 102400 mb (current store usage is 0 mb). The data directory: I:\WDSR\anik\exercise4\activemq-data\localhost\KahaDB only has 8421 mb of usable space. - resetting to maximum available disk space: 8421 mb
7614 [Test worker] WARN  org.apache.activemq.broker.BrokerService [] - Temporary Store limit is 51200 mb (current store usage is 0 mb). The data directory: I:\WDSR\anik\exercise4\activemq-data\localhost only has 8420 mb of usable space. - resetting to maximum available disk space: 8420 mb
7686 [Test worker] INFO  wdsr.exercise4.receiver.ReceiveTest [] - Setting JMS receive timeout to 100ms
7824 [Test worker] INFO  org.apache.activemq.broker.TransportConnector [] - Connector vm://localhost started
7895 [Test worker] INFO  org.apache.activemq.broker.TransportConnector [] - Connector vm://localhost stopped
7898 [Test worker] INFO  org.apache.activemq.broker.BrokerService [] - Apache ActiveMQ 5.13.2 (localhost, ID:BEN-PLL-ST2-HP-64751-1463731416679-0:2) is shutting down
7901 [Test worker] INFO  org.apache.activemq.broker.TransportConnector [] - Connector tcp://localhost:62616?deleteAllMessagesOnStartup=true stopped
7902 [Test worker] INFO  org.apache.activemq.store.kahadb.plist.PListStoreImpl [] - PListStore:[I:\WDSR\anik\exercise4\activemq-data\localhost\tmp_storage] stopped
7902 [Test worker] INFO  org.apache.activemq.store.kahadb.KahaDBStore [] - Stopping async queue tasks
7903 [Test worker] INFO  org.apache.activemq.store.kahadb.KahaDBStore [] - Stopping async topic tasks
7903 [Test worker] INFO  org.apache.activemq.store.kahadb.KahaDBStore [] - Stopped KahaDB
8091 [Test worker] INFO  org.apache.activemq.broker.BrokerService [] - Apache ActiveMQ 5.13.2 (localhost, ID:BEN-PLL-ST2-HP-64751-1463731416679-0:2) uptime 0.927 seconds
8092 [Test worker] INFO  org.apache.activemq.broker.BrokerService [] - Apache ActiveMQ 5.13.2 (localhost, ID:BEN-PLL-ST2-HP-64751-1463731416679-0:2) is shutdown
8328 [Test worker] INFO  org.apache.activemq.broker.BrokerService [] - Using Persistence Adapter: KahaDBPersistenceAdapter[I:\WDSR\anik\exercise4\activemq-data\localhost\KahaDB]
8338 [JMX connector] INFO  org.apache.activemq.broker.jmx.ManagementContext [] - JMX consoles can connect to service:jmx:rmi:///jndi/rmi://localhost:1099/jmxrmi
8658 [Test worker] INFO  org.apache.activemq.store.kahadb.MessageDatabase [] - KahaDB is version 6
8664 [Test worker] INFO  org.apache.activemq.store.kahadb.MessageDatabase [] - Recovering from the journal @1:754898
8665 [Test worker] INFO  org.apache.activemq.store.kahadb.MessageDatabase [] - Recovery replayed 1 operations from the journal in 0.005 seconds.
8666 [Test worker] INFO  org.apache.activemq.store.kahadb.plist.PListStoreImpl [] - PListStore:[I:\WDSR\anik\exercise4\activemq-data\localhost\tmp_storage] started
8666 [Test worker] INFO  org.apache.activemq.broker.BrokerService [] - Apache ActiveMQ 5.13.2 (localhost, ID:BEN-PLL-ST2-HP-64751-1463731416679-0:3) is starting
8688 [Test worker] INFO  org.apache.activemq.transport.TransportServerThreadSupport [] - Listening for connections at: tcp://127.0.0.1:62616?deleteAllMessagesOnStartup=true
8688 [Test worker] INFO  org.apache.activemq.broker.TransportConnector [] - Connector tcp://localhost:62616?deleteAllMessagesOnStartup=true started
8689 [Test worker] INFO  org.apache.activemq.broker.BrokerService [] - Apache ActiveMQ 5.13.2 (localhost, ID:BEN-PLL-ST2-HP-64751-1463731416679-0:3) started
8689 [Test worker] INFO  org.apache.activemq.broker.BrokerService [] - For help or more information please see: http://activemq.apache.org
8713 [Test worker] WARN  org.apache.activemq.broker.BrokerService [] - Store limit is 102400 mb (current store usage is 0 mb). The data directory: I:\WDSR\anik\exercise4\activemq-data\localhost\KahaDB only has 8420 mb of usable space. - resetting to maximum available disk space: 8420 mb
8729 [Test worker] WARN  org.apache.activemq.broker.BrokerService [] - Temporary Store limit is 51200 mb (current store usage is 0 mb). The data directory: I:\WDSR\anik\exercise4\activemq-data\localhost only has 8419 mb of usable space. - resetting to maximum available disk space: 8419 mb
8778 [Test worker] INFO  wdsr.exercise4.receiver.ReceiveTest [] - Setting JMS receive timeout to 100ms
8903 [Test worker] INFO  org.apache.activemq.broker.TransportConnector [] - Connector vm://localhost started
8935 [Test worker] INFO  org.apache.activemq.broker.TransportConnector [] - Connector vm://localhost stopped
8940 [Test worker] INFO  org.apache.activemq.broker.BrokerService [] - Apache ActiveMQ 5.13.2 (localhost, ID:BEN-PLL-ST2-HP-64751-1463731416679-0:3) is shutting down
8942 [Test worker] INFO  org.apache.activemq.broker.TransportConnector [] - Connector tcp://localhost:62616?deleteAllMessagesOnStartup=true stopped
8943 [Test worker] INFO  org.apache.activemq.store.kahadb.plist.PListStoreImpl [] - PListStore:[I:\WDSR\anik\exercise4\activemq-data\localhost\tmp_storage] stopped
8943 [Test worker] INFO  org.apache.activemq.store.kahadb.KahaDBStore [] - Stopping async queue tasks
8943 [Test worker] INFO  org.apache.activemq.store.kahadb.KahaDBStore [] - Stopping async topic tasks
8943 [Test worker] INFO  org.apache.activemq.store.kahadb.KahaDBStore [] - Stopped KahaDB
9164 [Test worker] INFO  org.apache.activemq.broker.BrokerService [] - Apache ActiveMQ 5.13.2 (localhost, ID:BEN-PLL-ST2-HP-64751-1463731416679-0:3) uptime 0.844 seconds
9164 [Test worker] INFO  org.apache.activemq.broker.BrokerService [] - Apache ActiveMQ 5.13.2 (localhost, ID:BEN-PLL-ST2-HP-64751-1463731416679-0:3) is shutdown
9424 [Test worker] INFO  org.apache.activemq.broker.BrokerService [] - Using Persistence Adapter: KahaDBPersistenceAdapter[I:\WDSR\anik\exercise4\activemq-data\localhost\KahaDB]
9436 [JMX connector] INFO  org.apache.activemq.broker.jmx.ManagementContext [] - JMX consoles can connect to service:jmx:rmi:///jndi/rmi://localhost:1099/jmxrmi
9760 [Test worker] INFO  org.apache.activemq.store.kahadb.MessageDatabase [] - KahaDB is version 6
9764 [Test worker] INFO  org.apache.activemq.store.kahadb.MessageDatabase [] - Recovering from the journal @1:765034
9764 [Test worker] INFO  org.apache.activemq.store.kahadb.MessageDatabase [] - Recovery replayed 1 operations from the journal in 0.003 seconds.
9768 [Test worker] INFO  org.apache.activemq.store.kahadb.plist.PListStoreImpl [] - PListStore:[I:\WDSR\anik\exercise4\activemq-data\localhost\tmp_storage] started
9769 [Test worker] INFO  org.apache.activemq.broker.BrokerService [] - Apache ActiveMQ 5.13.2 (localhost, ID:BEN-PLL-ST2-HP-64751-1463731416679-0:4) is starting
9790 [Test worker] INFO  org.apache.activemq.transport.TransportServerThreadSupport [] - Listening for connections at: tcp://127.0.0.1:62616?deleteAllMessagesOnStartup=true
9790 [Test worker] INFO  org.apache.activemq.broker.TransportConnector [] - Connector tcp://localhost:62616?deleteAllMessagesOnStartup=true started
9791 [Test worker] INFO  org.apache.activemq.broker.BrokerService [] - Apache ActiveMQ 5.13.2 (localhost, ID:BEN-PLL-ST2-HP-64751-1463731416679-0:4) started
9791 [Test worker] INFO  org.apache.activemq.broker.BrokerService [] - For help or more information please see: http://activemq.apache.org
9810 [Test worker] WARN  org.apache.activemq.broker.BrokerService [] - Store limit is 102400 mb (current store usage is 0 mb). The data directory: I:\WDSR\anik\exercise4\activemq-data\localhost\KahaDB only has 8420 mb of usable space. - resetting to maximum available disk space: 8420 mb
9833 [Test worker] WARN  org.apache.activemq.broker.BrokerService [] - Temporary Store limit is 51200 mb (current store usage is 0 mb). The data directory: I:\WDSR\anik\exercise4\activemq-data\localhost only has 8419 mb of usable space. - resetting to maximum available disk space: 8419 mb
9861 [Test worker] INFO  wdsr.exercise4.receiver.ReceiveTest [] - Setting JMS receive timeout to 100ms
9993 [Test worker] INFO  wdsr.exercise4.receiver.ReceiveTest [] - alertText1=
Timestamp=1463731421218
Stock=GOOG
Volume=500000
9993 [Test worker] INFO  wdsr.exercise4.receiver.ReceiveTest [] - alertText2=
Timestamp=1463731421218
Stock=MSFT
Volume=500000
9994 [Test worker] INFO  org.apache.activemq.broker.TransportConnector [] - Connector vm://localhost started
10055 [Test worker] INFO  org.apache.activemq.broker.TransportConnector [] - Connector vm://localhost stopped
10058 [Test worker] INFO  org.apache.activemq.broker.BrokerService [] - Apache ActiveMQ 5.13.2 (localhost, ID:BEN-PLL-ST2-HP-64751-1463731416679-0:4) is shutting down
10059 [Test worker] INFO  org.apache.activemq.broker.TransportConnector [] - Connector tcp://localhost:62616?deleteAllMessagesOnStartup=true stopped
10061 [Test worker] INFO  org.apache.activemq.store.kahadb.plist.PListStoreImpl [] - PListStore:[I:\WDSR\anik\exercise4\activemq-data\localhost\tmp_storage] stopped
10061 [Test worker] INFO  org.apache.activemq.store.kahadb.KahaDBStore [] - Stopping async queue tasks
10061 [Test worker] INFO  org.apache.activemq.store.kahadb.KahaDBStore [] - Stopping async topic tasks
10061 [Test worker] INFO  org.apache.activemq.store.kahadb.KahaDBStore [] - Stopped KahaDB
10266 [Test worker] INFO  org.apache.activemq.broker.BrokerService [] - Apache ActiveMQ 5.13.2 (localhost, ID:BEN-PLL-ST2-HP-64751-1463731416679-0:4) uptime 0.884 seconds
10266 [Test worker] INFO  org.apache.activemq.broker.BrokerService [] - Apache ActiveMQ 5.13.2 (localhost, ID:BEN-PLL-ST2-HP-64751-1463731416679-0:4) is shutdown
10428 [Test worker] INFO  org.apache.activemq.broker.BrokerService [] - Using Persistence Adapter: KahaDBPersistenceAdapter[I:\WDSR\anik\exercise4\activemq-data\localhost\KahaDB]
10432 [JMX connector] INFO  org.apache.activemq.broker.jmx.ManagementContext [] - JMX consoles can connect to service:jmx:rmi:///jndi/rmi://localhost:1099/jmxrmi
10773 [Test worker] INFO  org.apache.activemq.store.kahadb.MessageDatabase [] - KahaDB is version 6
10777 [Test worker] INFO  org.apache.activemq.store.kahadb.MessageDatabase [] - Recovering from the journal @1:775861
10778 [Test worker] INFO  org.apache.activemq.store.kahadb.MessageDatabase [] - Recovery replayed 1 operations from the journal in 0.003 seconds.
10780 [Test worker] INFO  org.apache.activemq.store.kahadb.plist.PListStoreImpl [] - PListStore:[I:\WDSR\anik\exercise4\activemq-data\localhost\tmp_storage] started
10783 [Test worker] INFO  org.apache.activemq.broker.BrokerService [] - Apache ActiveMQ 5.13.2 (localhost, ID:BEN-PLL-ST2-HP-64751-1463731416679-0:5) is starting
10808 [Test worker] INFO  org.apache.activemq.transport.TransportServerThreadSupport [] - Listening for connections at: tcp://127.0.0.1:62616?deleteAllMessagesOnStartup=true
10809 [Test worker] INFO  org.apache.activemq.broker.TransportConnector [] - Connector tcp://localhost:62616?deleteAllMessagesOnStartup=true started
10809 [Test worker] INFO  org.apache.activemq.broker.BrokerService [] - Apache ActiveMQ 5.13.2 (localhost, ID:BEN-PLL-ST2-HP-64751-1463731416679-0:5) started
10809 [Test worker] INFO  org.apache.activemq.broker.BrokerService [] - For help or more information please see: http://activemq.apache.org
10878 [Test worker] WARN  org.apache.activemq.broker.BrokerService [] - Store limit is 102400 mb (current store usage is 0 mb). The data directory: I:\WDSR\anik\exercise4\activemq-data\localhost\KahaDB only has 8420 mb of usable space. - resetting to maximum available disk space: 8420 mb
10906 [Test worker] WARN  org.apache.activemq.broker.BrokerService [] - Temporary Store limit is 51200 mb (current store usage is 0 mb). The data directory: I:\WDSR\anik\exercise4\activemq-data\localhost only has 8419 mb of usable space. - resetting to maximum available disk space: 8419 mb
10938 [Test worker] INFO  wdsr.exercise4.receiver.ReceiveTest [] - Setting JMS receive timeout to 100ms
11057 [Test worker] INFO  wdsr.exercise4.receiver.ReceiveTest [] - AlertText=
Timestamp=1463731422282
Stock=GOOG
Price= 10
11057 [Test worker] INFO  org.apache.activemq.broker.TransportConnector [] - Connector vm://localhost started
11091 [Test worker] INFO  org.apache.activemq.broker.TransportConnector [] - Connector vm://localhost stopped
11096 [Test worker] INFO  org.apache.activemq.broker.BrokerService [] - Apache ActiveMQ 5.13.2 (localhost, ID:BEN-PLL-ST2-HP-64751-1463731416679-0:5) is shutting down
11105 [Test worker] INFO  org.apache.activemq.broker.TransportConnector [] - Connector tcp://localhost:62616?deleteAllMessagesOnStartup=true stopped
11105 [Test worker] INFO  org.apache.activemq.store.kahadb.plist.PListStoreImpl [] - PListStore:[I:\WDSR\anik\exercise4\activemq-data\localhost\tmp_storage] stopped
11105 [Test worker] INFO  org.apache.activemq.store.kahadb.KahaDBStore [] - Stopping async queue tasks
11106 [Test worker] INFO  org.apache.activemq.store.kahadb.KahaDBStore [] - Stopping async topic tasks
11106 [Test worker] INFO  org.apache.activemq.store.kahadb.KahaDBStore [] - Stopped KahaDB
11290 [Test worker] INFO  org.apache.activemq.broker.BrokerService [] - Apache ActiveMQ 5.13.2 (localhost, ID:BEN-PLL-ST2-HP-64751-1463731416679-0:5) uptime 0.874 seconds
11291 [Test worker] INFO  org.apache.activemq.broker.BrokerService [] - Apache ActiveMQ 5.13.2 (localhost, ID:BEN-PLL-ST2-HP-64751-1463731416679-0:5) is shutdown
11462 [Test worker] INFO  org.apache.activemq.broker.BrokerService [] - Using Persistence Adapter: KahaDBPersistenceAdapter[I:\WDSR\anik\exercise4\activemq-data\localhost\KahaDB]
11466 [JMX connector] INFO  org.apache.activemq.broker.jmx.ManagementContext [] - JMX consoles can connect to service:jmx:rmi:///jndi/rmi://localhost:1099/jmxrmi
11784 [Test worker] INFO  org.apache.activemq.store.kahadb.MessageDatabase [] - KahaDB is version 6
11787 [Test worker] INFO  org.apache.activemq.store.kahadb.MessageDatabase [] - Recovering from the journal @1:785916
11787 [Test worker] INFO  org.apache.activemq.store.kahadb.MessageDatabase [] - Recovery replayed 1 operations from the journal in 0.002 seconds.
11789 [Test worker] INFO  org.apache.activemq.store.kahadb.plist.PListStoreImpl [] - PListStore:[I:\WDSR\anik\exercise4\activemq-data\localhost\tmp_storage] started
11790 [Test worker] INFO  org.apache.activemq.broker.BrokerService [] - Apache ActiveMQ 5.13.2 (localhost, ID:BEN-PLL-ST2-HP-64751-1463731416679-0:6) is starting
11808 [Test worker] INFO  org.apache.activemq.transport.TransportServerThreadSupport [] - Listening for connections at: tcp://127.0.0.1:62616?deleteAllMessagesOnStartup=true
11809 [Test worker] INFO  org.apache.activemq.broker.TransportConnector [] - Connector tcp://localhost:62616?deleteAllMessagesOnStartup=true started
11810 [Test worker] INFO  org.apache.activemq.broker.BrokerService [] - Apache ActiveMQ 5.13.2 (localhost, ID:BEN-PLL-ST2-HP-64751-1463731416679-0:6) started
11810 [Test worker] INFO  org.apache.activemq.broker.BrokerService [] - For help or more information please see: http://activemq.apache.org
12403 [Test worker] WARN  org.apache.activemq.broker.BrokerService [] - Store limit is 102400 mb (current store usage is 0 mb). The data directory: I:\WDSR\anik\exercise4\activemq-data\localhost\KahaDB only has 8420 mb of usable space. - resetting to maximum available disk space: 8420 mb
12422 [Test worker] WARN  org.apache.activemq.broker.BrokerService [] - Temporary Store limit is 51200 mb (current store usage is 0 mb). The data directory: I:\WDSR\anik\exercise4\activemq-data\localhost only has 8419 mb of usable space. - resetting to maximum available disk space: 8419 mb
12804 [Test worker] INFO  org.apache.activemq.broker.TransportConnector [] - Connector vm://localhost started
12991 [Test worker] INFO  org.apache.activemq.broker.TransportConnector [] - Connector vm://localhost stopped
14026 [Test worker] INFO  org.apache.activemq.broker.BrokerService [] - Apache ActiveMQ 5.13.2 (localhost, ID:BEN-PLL-ST2-HP-64751-1463731416679-0:6) is shutting down
14035 [Test worker] INFO  org.apache.activemq.broker.TransportConnector [] - Connector tcp://localhost:62616?deleteAllMessagesOnStartup=true stopped
14036 [Test worker] INFO  org.apache.activemq.store.kahadb.plist.PListStoreImpl [] - PListStore:[I:\WDSR\anik\exercise4\activemq-data\localhost\tmp_storage] stopped
14036 [Test worker] INFO  org.apache.activemq.store.kahadb.KahaDBStore [] - Stopping async queue tasks
14036 [Test worker] INFO  org.apache.activemq.store.kahadb.KahaDBStore [] - Stopping async topic tasks
14036 [Test worker] INFO  org.apache.activemq.store.kahadb.KahaDBStore [] - Stopped KahaDB
14301 [Test worker] INFO  org.apache.activemq.broker.BrokerService [] - Apache ActiveMQ 5.13.2 (localhost, ID:BEN-PLL-ST2-HP-64751-1463731416679-0:6) uptime 2.848 seconds
14301 [Test worker] INFO  org.apache.activemq.broker.BrokerService [] - Apache ActiveMQ 5.13.2 (localhost, ID:BEN-PLL-ST2-HP-64751-1463731416679-0:6) is shutdown
14621 [Test worker] INFO  org.apache.activemq.broker.BrokerService [] - Using Persistence Adapter: KahaDBPersistenceAdapter[I:\WDSR\anik\exercise4\activemq-data\localhost\KahaDB]
14625 [JMX connector] INFO  org.apache.activemq.broker.jmx.ManagementContext [] - JMX consoles can connect to service:jmx:rmi:///jndi/rmi://localhost:1099/jmxrmi
14942 [Test worker] INFO  org.apache.activemq.store.kahadb.MessageDatabase [] - KahaDB is version 6
14948 [Test worker] INFO  org.apache.activemq.store.kahadb.MessageDatabase [] - Recovering from the journal @1:795208
14949 [Test worker] INFO  org.apache.activemq.store.kahadb.MessageDatabase [] - Recovery replayed 1 operations from the journal in 0.005 seconds.
14950 [Test worker] INFO  org.apache.activemq.store.kahadb.plist.PListStoreImpl [] - PListStore:[I:\WDSR\anik\exercise4\activemq-data\localhost\tmp_storage] started
14952 [Test worker] INFO  org.apache.activemq.broker.BrokerService [] - Apache ActiveMQ 5.13.2 (localhost, ID:BEN-PLL-ST2-HP-64751-1463731416679-0:7) is starting
14979 [Test worker] INFO  org.apache.activemq.transport.TransportServerThreadSupport [] - Listening for connections at: tcp://127.0.0.1:62616?deleteAllMessagesOnStartup=true
14980 [Test worker] INFO  org.apache.activemq.broker.TransportConnector [] - Connector tcp://localhost:62616?deleteAllMessagesOnStartup=true started
14981 [Test worker] INFO  org.apache.activemq.broker.BrokerService [] - Apache ActiveMQ 5.13.2 (localhost, ID:BEN-PLL-ST2-HP-64751-1463731416679-0:7) started
14981 [Test worker] INFO  org.apache.activemq.broker.BrokerService [] - For help or more information please see: http://activemq.apache.org
15002 [Test worker] WARN  org.apache.activemq.broker.BrokerService [] - Store limit is 102400 mb (current store usage is 0 mb). The data directory: I:\WDSR\anik\exercise4\activemq-data\localhost\KahaDB only has 8420 mb of usable space. - resetting to maximum available disk space: 8420 mb
15019 [Test worker] WARN  org.apache.activemq.broker.BrokerService [] - Temporary Store limit is 51200 mb (current store usage is 0 mb). The data directory: I:\WDSR\anik\exercise4\activemq-data\localhost only has 8419 mb of usable space. - resetting to maximum available disk space: 8419 mb
15071 [Test worker] INFO  org.apache.activemq.broker.TransportConnector [] - Connector vm://localhost started
15099 [Test worker] INFO  org.apache.activemq.broker.TransportConnector [] - Connector vm://localhost stopped
16100 [Test worker] INFO  org.apache.activemq.broker.BrokerService [] - Apache ActiveMQ 5.13.2 (localhost, ID:BEN-PLL-ST2-HP-64751-1463731416679-0:7) is shutting down
16106 [Test worker] INFO  org.apache.activemq.broker.TransportConnector [] - Connector tcp://localhost:62616?deleteAllMessagesOnStartup=true stopped
16107 [Test worker] INFO  org.apache.activemq.store.kahadb.plist.PListStoreImpl [] - PListStore:[I:\WDSR\anik\exercise4\activemq-data\localhost\tmp_storage] stopped
16107 [Test worker] INFO  org.apache.activemq.store.kahadb.KahaDBStore [] - Stopping async queue tasks
16107 [Test worker] INFO  org.apache.activemq.store.kahadb.KahaDBStore [] - Stopping async topic tasks
16107 [Test worker] INFO  org.apache.activemq.store.kahadb.KahaDBStore [] - Stopped KahaDB
16451 [Test worker] INFO  org.apache.activemq.broker.BrokerService [] - Apache ActiveMQ 5.13.2 (localhost, ID:BEN-PLL-ST2-HP-64751-1463731416679-0:7) uptime 1.844 seconds
16452 [Test worker] INFO  org.apache.activemq.broker.BrokerService [] - Apache ActiveMQ 5.13.2 (localhost, ID:BEN-PLL-ST2-HP-64751-1463731416679-0:7) is shutdown
16766 [Test worker] INFO  org.apache.activemq.broker.BrokerService [] - Using Persistence Adapter: KahaDBPersistenceAdapter[I:\WDSR\anik\exercise4\activemq-data\localhost\KahaDB]
16797 [JMX connector] INFO  org.apache.activemq.broker.jmx.ManagementContext [] - JMX consoles can connect to service:jmx:rmi:///jndi/rmi://localhost:1099/jmxrmi
17170 [Test worker] INFO  org.apache.activemq.store.kahadb.MessageDatabase [] - KahaDB is version 6
17173 [Test worker] INFO  org.apache.activemq.store.kahadb.MessageDatabase [] - Recovering from the journal @1:804500
17173 [Test worker] INFO  org.apache.activemq.store.kahadb.MessageDatabase [] - Recovery replayed 1 operations from the journal in 0.002 seconds.
17174 [Test worker] INFO  org.apache.activemq.store.kahadb.plist.PListStoreImpl [] - PListStore:[I:\WDSR\anik\exercise4\activemq-data\localhost\tmp_storage] started
17174 [Test worker] INFO  org.apache.activemq.broker.BrokerService [] - Apache ActiveMQ 5.13.2 (localhost, ID:BEN-PLL-ST2-HP-64751-1463731416679-0:8) is starting
17189 [Test worker] INFO  org.apache.activemq.transport.TransportServerThreadSupport [] - Listening for connections at: tcp://127.0.0.1:62616?deleteAllMessagesOnStartup=true
17189 [Test worker] INFO  org.apache.activemq.broker.TransportConnector [] - Connector tcp://localhost:62616?deleteAllMessagesOnStartup=true started
17190 [Test worker] INFO  org.apache.activemq.broker.BrokerService [] - Apache ActiveMQ 5.13.2 (localhost, ID:BEN-PLL-ST2-HP-64751-1463731416679-0:8) started
17190 [Test worker] INFO  org.apache.activemq.broker.BrokerService [] - For help or more information please see: http://activemq.apache.org
17209 [Test worker] WARN  org.apache.activemq.broker.BrokerService [] - Store limit is 102400 mb (current store usage is 0 mb). The data directory: I:\WDSR\anik\exercise4\activemq-data\localhost\KahaDB only has 8420 mb of usable space. - resetting to maximum available disk space: 8420 mb
17225 [Test worker] WARN  org.apache.activemq.broker.BrokerService [] - Temporary Store limit is 51200 mb (current store usage is 0 mb). The data directory: I:\WDSR\anik\exercise4\activemq-data\localhost only has 8419 mb of usable space. - resetting to maximum available disk space: 8419 mb
17287 [Test worker] INFO  org.apache.activemq.broker.TransportConnector [] - Connector vm://localhost started
17314 [Test worker] INFO  org.apache.activemq.broker.TransportConnector [] - Connector vm://localhost stopped
18316 [Test worker] INFO  org.apache.activemq.broker.BrokerService [] - Apache ActiveMQ 5.13.2 (localhost, ID:BEN-PLL-ST2-HP-64751-1463731416679-0:8) is shutting down
18324 [Test worker] INFO  org.apache.activemq.broker.TransportConnector [] - Connector tcp://localhost:62616?deleteAllMessagesOnStartup=true stopped
18325 [Test worker] INFO  org.apache.activemq.store.kahadb.plist.PListStoreImpl [] - PListStore:[I:\WDSR\anik\exercise4\activemq-data\localhost\tmp_storage] stopped
18325 [Test worker] INFO  org.apache.activemq.store.kahadb.KahaDBStore [] - Stopping async queue tasks
18325 [Test worker] INFO  org.apache.activemq.store.kahadb.KahaDBStore [] - Stopping async topic tasks
18325 [Test worker] INFO  org.apache.activemq.store.kahadb.KahaDBStore [] - Stopped KahaDB
18675 [Test worker] INFO  org.apache.activemq.broker.BrokerService [] - Apache ActiveMQ 5.13.2 (localhost, ID:BEN-PLL-ST2-HP-64751-1463731416679-0:8) uptime 1.921 seconds
18676 [Test worker] INFO  org.apache.activemq.broker.BrokerService [] - Apache ActiveMQ 5.13.2 (localhost, ID:BEN-PLL-ST2-HP-64751-1463731416679-0:8) is shutdown
